  [4;36;1mSQL (0.2ms)[0m   [0;1mSET NAMES 'utf8'[0m
  [4;35;1mSQL (0.1ms)[0m   [0mSET SQL_AUTO_IS_NULL=0[0m
  [4;36;1mSQL (0.3ms)[0m   [0;1mSHOW TABLES[0m
  [4;35;1mSQL (0.2ms)[0m   [0mSELECT version FROM schema_migrations[0m
Migrating to CreateTweets (20100908235624)
  [4;36;1mSQL (60.7ms)[0m   [0;1mCREATE TABLE `tweets` (`id` int(11) DEFAULT NULL auto_increment PRIMARY KEY, `text` varchar(140) NOT NULL, `published` tinyint(1) DEFAULT 0, `created_at` datetime, `updated_at` datetime) ENGINE=InnoDB[0m
  [4;35;1mSQL (0.9ms)[0m   [0mINSERT INTO schema_migrations (version) VALUES ('20100908235624')[0m
  [4;36;1mSQL (0.4ms)[0m   [0;1mSHOW TABLES[0m
  [4;35;1mSQL (0.2ms)[0m   [0mSELECT version FROM schema_migrations[0m
  [4;36;1mSQL (0.2ms)[0m   [0;1mSHOW TABLES[0m
  [4;35;1mSQL (1.4ms)[0m   [0mSHOW FIELDS FROM `tweets`[0m
  [4;36;1mSQL (1.6ms)[0m   [0;1mdescribe `tweets`[0m
  [4;35;1mSQL (0.2ms)[0m   [0mSHOW KEYS FROM `tweets`[0m
  [4;36;1mSQL (0.2ms)[0m   [0;1mSET NAMES 'utf8'[0m
  [4;35;1mSQL (0.1ms)[0m   [0mSET SQL_AUTO_IS_NULL=0[0m


Processing TweetsController#index (for 127.0.0.1 at 2010-09-08 16:58:30) [GET]
  [4;36;1mTweet Load (0.3ms)[0m   [0;1mSELECT * FROM `tweets` [0m
Rendering template within layouts/tweets
Rendering tweets/index
Completed in 57ms (View: 40, DB: 1) | 200 OK [http://0.0.0.0/tweets]
  [4;35;1mSQL (0.2ms)[0m   [0mSET NAMES 'utf8'[0m
  [4;36;1mSQL (0.1ms)[0m   [0;1mSET SQL_AUTO_IS_NULL=0[0m


Processing TweetsController#new (for 127.0.0.1 at 2010-09-08 16:58:32) [GET]
  [4;35;1mTweet Columns (1.4ms)[0m   [0mSHOW FIELDS FROM `tweets`[0m
Rendering template within layouts/tweets
Rendering tweets/new
Completed in 45ms (View: 27, DB: 2) | 200 OK [http://0.0.0.0/tweets/new]
  [4;36;1mSQL (0.1ms)[0m   [0;1mSET NAMES 'utf8'[0m
  [4;35;1mSQL (0.1ms)[0m   [0mSET SQL_AUTO_IS_NULL=0[0m


Processing TweetsController#new (for 127.0.0.1 at 2010-09-08 16:58:56) [GET]
  [4;36;1mTweet Columns (1.4ms)[0m   [0;1mSHOW FIELDS FROM `tweets`[0m
Rendering template within layouts/tweets
Rendering tweets/new
Completed in 41ms (View: 23, DB: 2) | 200 OK [http://0.0.0.0/tweets/new]
  [4;35;1mSQL (0.2ms)[0m   [0mSET NAMES 'utf8'[0m
  [4;36;1mSQL (0.1ms)[0m   [0;1mSET SQL_AUTO_IS_NULL=0[0m


Processing TweetsController#create (for 127.0.0.1 at 2010-09-08 16:58:58) [POST]
  Parameters: {"commit"=>"Create", "authenticity_token"=>"jYJW3DUnh6sL0JOvkS718+GiLX4Y+UI4CJUXY62+Bfw=", "tweet"=>{"text"=>""}}
  [4;35;1mTweet Columns (1.3ms)[0m   [0mSHOW FIELDS FROM `tweets`[0m
  [4;36;1mSQL (0.1ms)[0m   [0;1mBEGIN[0m
  [4;35;1mTweet Create (0.2ms)[0m   [0mINSERT INTO `tweets` (`created_at`, `published`, `updated_at`, `text`) VALUES('2010-09-08 23:58:58', 0, '2010-09-08 23:58:58', '')[0m
  [4;36;1mSQL (0.6ms)[0m   [0;1mCOMMIT[0m
Redirected to http://0.0.0.0:3000/tweets/1
Completed in 27ms (DB: 3) | 302 Found [http://0.0.0.0/tweets]
  [4;35;1mSQL (0.1ms)[0m   [0mSET NAMES 'utf8'[0m
  [4;36;1mSQL (0.1ms)[0m   [0;1mSET SQL_AUTO_IS_NULL=0[0m


Processing TweetsController#show (for 127.0.0.1 at 2010-09-08 16:58:58) [GET]
  Parameters: {"id"=>"1"}
  [4;35;1mTweet Columns (1.4ms)[0m   [0mSHOW FIELDS FROM `tweets`[0m
  [4;36;1mTweet Load (0.2ms)[0m   [0;1mSELECT * FROM `tweets` WHERE (`tweets`.`id` = 1) [0m
Rendering template within layouts/tweets
Rendering tweets/show
Completed in 34ms (View: 14, DB: 2) | 200 OK [http://0.0.0.0/tweets/1]
  [4;35;1mSQL (0.1ms)[0m   [0mSET NAMES 'utf8'[0m
  [4;36;1mSQL (0.1ms)[0m   [0;1mSET SQL_AUTO_IS_NULL=0[0m


Processing TweetsController#index (for 127.0.0.1 at 2010-09-08 16:59:10) [GET]
  [4;35;1mTweet Load (0.3ms)[0m   [0mSELECT * FROM `tweets` [0m
Rendering template within layouts/tweets
Rendering tweets/index
  [4;36;1mTweet Columns (1.6ms)[0m   [0;1mSHOW FIELDS FROM `tweets`[0m
Completed in 32ms (View: 13, DB: 2) | 200 OK [http://0.0.0.0/tweets]
  [4;35;1mSQL (0.1ms)[0m   [0mSET NAMES 'utf8'[0m
  [4;36;1mSQL (0.1ms)[0m   [0;1mSET SQL_AUTO_IS_NULL=0[0m


Processing TweetsController#destroy (for 127.0.0.1 at 2010-09-08 16:59:14) [DELETE]
  Parameters: {"authenticity_token"=>"jYJW3DUnh6sL0JOvkS718+GiLX4Y+UI4CJUXY62+Bfw=", "id"=>"1"}
  [4;35;1mTweet Columns (1.3ms)[0m   [0mSHOW FIELDS FROM `tweets`[0m
  [4;36;1mTweet Load (0.5ms)[0m   [0;1mSELECT * FROM `tweets` WHERE (`tweets`.`id` = 1) [0m
  [4;35;1mSQL (0.1ms)[0m   [0mBEGIN[0m
  [4;36;1mTweet Destroy (0.2ms)[0m   [0;1mDELETE FROM `tweets` WHERE `id` = 1[0m
  [4;35;1mSQL (0.6ms)[0m   [0mCOMMIT[0m
Redirected to http://0.0.0.0:3000/tweets
Completed in 23ms (DB: 3) | 302 Found [http://0.0.0.0/tweets/1]
  [4;36;1mSQL (0.1ms)[0m   [0;1mSET NAMES 'utf8'[0m
  [4;35;1mSQL (0.1ms)[0m   [0mSET SQL_AUTO_IS_NULL=0[0m


Processing TweetsController#index (for 127.0.0.1 at 2010-09-08 16:59:14) [GET]
  [4;36;1mTweet Load (0.4ms)[0m   [0;1mSELECT * FROM `tweets` [0m
Rendering template within layouts/tweets
Rendering tweets/index
Completed in 21ms (View: 3, DB: 1) | 200 OK [http://0.0.0.0/tweets]
  [4;35;1mSQL (0.2ms)[0m   [0mSET NAMES 'utf8'[0m
  [4;36;1mSQL (0.1ms)[0m   [0;1mSET SQL_AUTO_IS_NULL=0[0m


Processing TweetsController#new (for 127.0.0.1 at 2010-09-08 16:59:46) [GET]
  [4;35;1mTweet Columns (1.4ms)[0m   [0mSHOW FIELDS FROM `tweets`[0m
Rendering template within layouts/tweets
Rendering tweets/new
Completed in 32ms (View: 14, DB: 2) | 200 OK [http://0.0.0.0/tweets/new]
  [4;36;1mSQL (0.2ms)[0m   [0;1mSET NAMES 'utf8'[0m
  [4;35;1mSQL (0.1ms)[0m   [0mSET SQL_AUTO_IS_NULL=0[0m


Processing TweetsController#create (for 127.0.0.1 at 2010-09-08 16:59:53) [POST]
  Parameters: {"commit"=>"Create", "authenticity_token"=>"jYJW3DUnh6sL0JOvkS718+GiLX4Y+UI4CJUXY62+Bfw=", "tweet"=>{"text"=>"aasdfdfdsafsdafdsafdsfdsfsadfdsafdsafdsafdsafdsafdsfdsafdsafdsfdsafdsafdsafdsafdsafdsafdsafdsafdsafdsafdsafdsafdsafdsafdsafdsafdsafdsafdsfdITextAfter140"}}
  [4;36;1mTweet Columns (2.1ms)[0m   [0;1mSHOW FIELDS FROM `tweets`[0m
  [4;35;1mSQL (0.1ms)[0m   [0mBEGIN[0m
  [4;36;1mTweet Create (0.3ms)[0m   [0;1mINSERT INTO `tweets` (`created_at`, `published`, `updated_at`, `text`) VALUES('2010-09-08 23:59:53', 0, '2010-09-08 23:59:53', 'aasdfdfdsafsdafdsafdsfdsfsadfdsafdsafdsafdsafdsafdsfdsafdsafdsfdsafdsafdsafdsafdsafdsafdsafdsafdsafdsafdsafdsafdsafdsafdsafdsafdsafdsafdsfdITextAfter140')[0m
  [4;35;1mSQL (0.6ms)[0m   [0mCOMMIT[0m
Redirected to http://0.0.0.0:3000/tweets/2
Completed in 28ms (DB: 3) | 302 Found [http://0.0.0.0/tweets]
  [4;36;1mSQL (0.1ms)[0m   [0;1mSET NAMES 'utf8'[0m
  [4;35;1mSQL (0.1ms)[0m   [0mSET SQL_AUTO_IS_NULL=0[0m


Processing TweetsController#show (for 127.0.0.1 at 2010-09-08 16:59:53) [GET]
  Parameters: {"id"=>"2"}
  [4;36;1mTweet Columns (1.6ms)[0m   [0;1mSHOW FIELDS FROM `tweets`[0m
  [4;35;1mTweet Load (0.3ms)[0m   [0mSELECT * FROM `tweets` WHERE (`tweets`.`id` = 2) [0m
Rendering template within layouts/tweets
Rendering tweets/show
Completed in 26ms (View: 5, DB: 2) | 200 OK [http://0.0.0.0/tweets/2]
  [4;36;1mSQL (0.2ms)[0m   [0;1mSET NAMES 'utf8'[0m
  [4;35;1mSQL (0.2ms)[0m   [0mSET SQL_AUTO_IS_NULL=0[0m


Processing TweetsController#index (for 127.0.0.1 at 2010-09-08 16:59:57) [GET]
  [4;36;1mTweet Load (0.3ms)[0m   [0;1mSELECT * FROM `tweets` [0m
Rendering template within layouts/tweets
Rendering tweets/index
  [4;35;1mTweet Columns (1.3ms)[0m   [0mSHOW FIELDS FROM `tweets`[0m
Completed in 31ms (View: 13, DB: 2) | 200 OK [http://0.0.0.0/tweets]
  [4;36;1mSQL (0.1ms)[0m   [0;1mSET NAMES 'utf8'[0m
  [4;35;1mSQL (0.1ms)[0m   [0mSET SQL_AUTO_IS_NULL=0[0m


Processing TweetsController#destroy (for 127.0.0.1 at 2010-09-08 17:00:00) [DELETE]
  Parameters: {"authenticity_token"=>"jYJW3DUnh6sL0JOvkS718+GiLX4Y+UI4CJUXY62+Bfw=", "id"=>"2"}
  [4;36;1mTweet Columns (1.4ms)[0m   [0;1mSHOW FIELDS FROM `tweets`[0m
  [4;35;1mTweet Load (0.8ms)[0m   [0mSELECT * FROM `tweets` WHERE (`tweets`.`id` = 2) [0m
  [4;36;1mSQL (0.1ms)[0m   [0;1mBEGIN[0m
  [4;35;1mTweet Destroy (0.2ms)[0m   [0mDELETE FROM `tweets` WHERE `id` = 2[0m
  [4;36;1mSQL (0.7ms)[0m   [0;1mCOMMIT[0m
Redirected to http://0.0.0.0:3000/tweets
Completed in 24ms (DB: 3) | 302 Found [http://0.0.0.0/tweets/2]
  [4;35;1mSQL (0.1ms)[0m   [0mSET NAMES 'utf8'[0m
  [4;36;1mSQL (0.1ms)[0m   [0;1mSET SQL_AUTO_IS_NULL=0[0m


Processing TweetsController#index (for 127.0.0.1 at 2010-09-08 17:00:00) [GET]
  [4;35;1mTweet Load (0.3ms)[0m   [0mSELECT * FROM `tweets` [0m
Rendering template within layouts/tweets
Rendering tweets/index
Completed in 21ms (View: 3, DB: 1) | 200 OK [http://0.0.0.0/tweets]
  [4;36;1mSQL (0.2ms)[0m   [0;1mSET NAMES 'utf8'[0m
  [4;35;1mSQL (0.1ms)[0m   [0mSET SQL_AUTO_IS_NULL=0[0m


Processing TweetsController#new (for 127.0.0.1 at 2010-09-08 17:01:48) [GET]
  [4;36;1mTweet Columns (1.4ms)[0m   [0;1mSHOW FIELDS FROM `tweets`[0m
Rendering template within layouts/tweets
Rendering tweets/new
Completed in 33ms (View: 14, DB: 2) | 200 OK [http://0.0.0.0/tweets/new]
  [4;35;1mSQL (0.2ms)[0m   [0mSET NAMES 'utf8'[0m
  [4;36;1mSQL (0.1ms)[0m   [0;1mSET SQL_AUTO_IS_NULL=0[0m


Processing TweetsController#create (for 127.0.0.1 at 2010-09-08 17:01:53) [POST]
  Parameters: {"commit"=>"Create", "authenticity_token"=>"jYJW3DUnh6sL0JOvkS718+GiLX4Y+UI4CJUXY62+Bfw=", "tweet"=>{"text"=>"aasdfdfdsafsdafdsafdsfdsfsadfdsafdsafdsafdsafdsafdsfdsafdsafdsfdsafdsafdsafdsafdsafdsafdsafdsafdsafdsafdsafdsafdsafdsafdsafdsafdsafdsafdsfdITextAfter140"}}
  [4;35;1mTweet Columns (1.4ms)[0m   [0mSHOW FIELDS FROM `tweets`[0m
  [4;36;1mSQL (0.1ms)[0m   [0;1mBEGIN[0m
  [4;35;1mSQL (0.1ms)[0m   [0mROLLBACK[0m
Rendering template within layouts/tweets
Rendering tweets/new
Completed in 44ms (View: 20, DB: 2) | 200 OK [http://0.0.0.0/tweets]
  [4;36;1mSQL (0.2ms)[0m   [0;1mSET NAMES 'utf8'[0m
  [4;35;1mSQL (0.1ms)[0m   [0mSET SQL_AUTO_IS_NULL=0[0m


Processing TweetsController#create (for 127.0.0.1 at 2010-09-08 17:03:11) [POST]
  Parameters: {"commit"=>"Create", "authenticity_token"=>"jYJW3DUnh6sL0JOvkS718+GiLX4Y+UI4CJUXY62+Bfw=", "tweet"=>{"text"=>"aasdfdfdsafsdafdsafdsfdsfsadfdsafdsafdsafdsafdsafdsfdsafdsafdsfdsafdsafdsafdsafdsafdsafdsafdsafdsafdsafdsafdsafdsafdsafdsafdsafdsafdsafdsfdITextAfter140"}}
  [4;36;1mTweet Columns (1.4ms)[0m   [0;1mSHOW FIELDS FROM `tweets`[0m
  [4;35;1mSQL (0.1ms)[0m   [0mBEGIN[0m
  [4;36;1mSQL (0.1ms)[0m   [0;1mROLLBACK[0m
Rendering template within layouts/tweets
Rendering tweets/new
Completed in 43ms (View: 20, DB: 2) | 200 OK [http://0.0.0.0/tweets]
  [4;35;1mSQL (0.2ms)[0m   [0mSET NAMES 'utf8'[0m
  [4;36;1mSQL (0.1ms)[0m   [0;1mSET SQL_AUTO_IS_NULL=0[0m


Processing TweetsController#create (for 127.0.0.1 at 2010-09-08 17:03:17) [POST]
  Parameters: {"commit"=>"Create", "authenticity_token"=>"jYJW3DUnh6sL0JOvkS718+GiLX4Y+UI4CJUXY62+Bfw=", "tweet"=>{"text"=>""}}
  [4;35;1mTweet Columns (1.7ms)[0m   [0mSHOW FIELDS FROM `tweets`[0m
  [4;36;1mSQL (0.1ms)[0m   [0;1mBEGIN[0m
  [4;35;1mSQL (0.1ms)[0m   [0mROLLBACK[0m
Rendering template within layouts/tweets
Rendering tweets/new
Completed in 50ms (View: 26, DB: 2) | 200 OK [http://0.0.0.0/tweets]
  [4;36;1mSQL (0.1ms)[0m   [0;1mSET NAMES 'utf8'[0m
  [4;35;1mSQL (0.1ms)[0m   [0mSET SQL_AUTO_IS_NULL=0[0m


Processing TweetsController#create (for 127.0.0.1 at 2010-09-08 17:03:24) [POST]
  Parameters: {"commit"=>"Create", "authenticity_token"=>"jYJW3DUnh6sL0JOvkS718+GiLX4Y+UI4CJUXY62+Bfw=", "tweet"=>{"text"=>""}}
  [4;36;1mTweet Columns (1.4ms)[0m   [0;1mSHOW FIELDS FROM `tweets`[0m
  [4;35;1mSQL (0.1ms)[0m   [0mBEGIN[0m
  [4;36;1mSQL (0.1ms)[0m   [0;1mROLLBACK[0m
Rendering template within layouts/tweets
Rendering tweets/new
Completed in 48ms (View: 25, DB: 2) | 200 OK [http://0.0.0.0/tweets]
  [4;35;1mSQL (0.2ms)[0m   [0mSET NAMES 'utf8'[0m
  [4;36;1mSQL (0.2ms)[0m   [0;1mSET SQL_AUTO_IS_NULL=0[0m


Processing TweetsController#index (for 127.0.0.1 at 2010-09-08 17:03:27) [GET]
  [4;35;1mTweet Load (0.3ms)[0m   [0mSELECT * FROM `tweets` [0m
Rendering template within layouts/tweets
Rendering tweets/index
Completed in 20ms (View: 3, DB: 1) | 200 OK [http://0.0.0.0/tweets]
  [4;36;1mSQL (0.2ms)[0m   [0;1mSET NAMES 'utf8'[0m
  [4;35;1mSQL (0.1ms)[0m   [0mSET SQL_AUTO_IS_NULL=0[0m
  [4;36;1mSQL (0.4ms)[0m   [0;1mSHOW TABLES[0m
  [4;35;1mSQL (0.2ms)[0m   [0mSELECT version FROM schema_migrations[0m
Migrating to CreateTweets (20100908235624)
Migrating to CreateUsers (20100909000908)
  [4;36;1mSQL (420.0ms)[0m   [0;1mCREATE TABLE `users` (`id` int(11) DEFAULT NULL auto_increment PRIMARY KEY, `name` varchar(255), `email` varchar(255), `hashed_password` varchar(255), `salt` varchar(255), `created_at` datetime, `updated_at` datetime) ENGINE=InnoDB[0m
  [4;35;1mSQL (1.0ms)[0m   [0mINSERT INTO schema_migrations (version) VALUES ('20100909000908')[0m
  [4;36;1mSQL (0.4ms)[0m   [0;1mSHOW TABLES[0m
  [4;35;1mSQL (0.2ms)[0m   [0mSELECT version FROM schema_migrations[0m
  [4;36;1mSQL (0.3ms)[0m   [0;1mSHOW TABLES[0m
  [4;35;1mSQL (1.2ms)[0m   [0mSHOW FIELDS FROM `tweets`[0m
  [4;36;1mSQL (1.1ms)[0m   [0;1mdescribe `tweets`[0m
  [4;35;1mSQL (0.2ms)[0m   [0mSHOW KEYS FROM `tweets`[0m
  [4;36;1mSQL (2.4ms)[0m   [0;1mSHOW FIELDS FROM `users`[0m
  [4;35;1mSQL (3.7ms)[0m   [0mdescribe `users`[0m
  [4;36;1mSQL (1.5ms)[0m   [0;1mSHOW KEYS FROM `users`[0m
  [4;36;1mSQL (0.2ms)[0m   [0;1mSET NAMES 'utf8'[0m
  [4;35;1mSQL (0.1ms)[0m   [0mSET SQL_AUTO_IS_NULL=0[0m


Processing UsersController#index (for 127.0.0.1 at 2010-09-08 17:14:53) [GET]
  [4;36;1mUser Load (0.3ms)[0m   [0;1mSELECT * FROM `users` [0m
Rendering template within layouts/users
Rendering users/index
Completed in 44ms (View: 26, DB: 1) | 200 OK [http://0.0.0.0/users]
  [4;35;1mSQL (0.2ms)[0m   [0mSET NAMES 'utf8'[0m
  [4;36;1mSQL (0.1ms)[0m   [0;1mSET SQL_AUTO_IS_NULL=0[0m


Processing UsersController#new (for 127.0.0.1 at 2010-09-08 17:14:56) [GET]
  [4;35;1mUser Columns (1.4ms)[0m   [0mSHOW FIELDS FROM `users`[0m
Rendering template within layouts/users
Rendering users/new
Completed in 51ms (View: 31, DB: 2) | 200 OK [http://0.0.0.0/users/new]
  [4;36;1mSQL (0.2ms)[0m   [0;1mSET NAMES 'utf8'[0m
  [4;35;1mSQL (0.1ms)[0m   [0mSET SQL_AUTO_IS_NULL=0[0m


Processing UsersController#create (for 127.0.0.1 at 2010-09-08 17:14:57) [POST]
  Parameters: {"commit"=>"Create", "authenticity_token"=>"jYJW3DUnh6sL0JOvkS718+GiLX4Y+UI4CJUXY62+Bfw=", "user"=>{"salt"=>"", "name"=>"", "hashed_password"=>"", "email"=>""}}
  [4;36;1mUser Columns (1.4ms)[0m   [0;1mSHOW FIELDS FROM `users`[0m
  [4;35;1mSQL (0.1ms)[0m   [0mBEGIN[0m
  [4;36;1mUser Load (0.3ms)[0m   [0;1mSELECT `users`.id FROM `users` WHERE (`users`.`name` = BINARY '') LIMIT 1[0m
  [4;35;1mUser Load (0.7ms)[0m   [0mSELECT `users`.id FROM `users` WHERE (`users`.`email` = BINARY '') LIMIT 1[0m
  [4;36;1mSQL (0.1ms)[0m   [0;1mROLLBACK[0m

NoMethodError (undefined method `password' for #<User:0x24141a8>):
  app/controllers/users_controller.rb:46:in `create'
  app/controllers/users_controller.rb:45:in `create'

Rendered rescues/_trace (107.8ms)
Rendered rescues/_request_and_response (3.1ms)
Rendering rescues/layout (internal_server_error)
  [4;35;1mSQL (0.1ms)[0m   [0mSET NAMES 'utf8'[0m
  [4;36;1mSQL (0.1ms)[0m   [0;1mSET SQL_AUTO_IS_NULL=0[0m


Processing UsersController#index (for 127.0.0.1 at 2010-09-08 17:25:48) [GET]
  [4;35;1mUser Load (0.4ms)[0m   [0mSELECT * FROM `users` ORDER BY name[0m
Rendering template within layouts/users
Rendering users/index
Completed in 473ms (View: 3, DB: 1) | 200 OK [http://0.0.0.0/users]
  [4;36;1mSQL (0.2ms)[0m   [0;1mSET NAMES 'utf8'[0m
  [4;35;1mSQL (0.1ms)[0m   [0mSET SQL_AUTO_IS_NULL=0[0m


Processing UsersController#new (for 127.0.0.1 at 2010-09-08 17:27:46) [GET]
  [4;36;1mUser Columns (1.4ms)[0m   [0;1mSHOW FIELDS FROM `users`[0m
Rendering template within layouts/users
Rendering users/new

ActionView::TemplateError (undefined method `user_password' for #<User:0x251ae58>) on line #16 of app/views/users/new.html.erb:
13:   </p>
14:   <p>
15:     <%= f.label :user_password, 'Password' %><br />
16:     <%= f.password_field :user_password, :size => 40 %>
17:   </p>
18:   <p>
19:     <%= f.label :user_password_confirmation, 'Confirm' %><br />

    app/views/users/new.html.erb:16
    app/views/users/new.html.erb:3
    app/controllers/users_controller.rb:29:in `new'

Rendered rescues/_trace (107.2ms)
Rendered rescues/_request_and_response (0.6ms)
Rendering rescues/layout (internal_server_error)
  [4;35;1mSQL (0.2ms)[0m   [0mSET NAMES 'utf8'[0m
  [4;36;1mSQL (0.1ms)[0m   [0;1mSET SQL_AUTO_IS_NULL=0[0m


Processing UsersController#index (for 127.0.0.1 at 2010-09-08 17:29:39) [GET]
  [4;35;1mUser Load (0.3ms)[0m   [0mSELECT * FROM `users` ORDER BY name[0m
Rendering template within layouts/users
Rendering users/index
Completed in 27ms (View: 3, DB: 1) | 200 OK [http://0.0.0.0/users/]
  [4;36;1mSQL (0.2ms)[0m   [0;1mSET NAMES 'utf8'[0m
  [4;35;1mSQL (0.1ms)[0m   [0mSET SQL_AUTO_IS_NULL=0[0m


Processing UsersController#new (for 127.0.0.1 at 2010-09-08 17:30:10) [GET]
  [4;36;1mUser Columns (1.7ms)[0m   [0;1mSHOW FIELDS FROM `users`[0m
Rendering template within layouts/users
Rendering users/new

ActionView::TemplateError (undefined method `user_password' for #<User:0x233b894>) on line #16 of app/views/users/new.html.erb:
13:   </p>
14:   <p>
15:     <%= f.label :user_password, 'Password' %><br />
16:     <%= f.password_field :user_password, :size => 40 %>
17:   </p>
18:   <p>
19:     <%= f.label :user_password_confirmation, 'Confirm' %><br />

    app/views/users/new.html.erb:16
    app/views/users/new.html.erb:3
    app/controllers/users_controller.rb:29:in `new'

Rendered rescues/_trace (183.0ms)
Rendered rescues/_request_and_response (0.5ms)
Rendering rescues/layout (internal_server_error)
  [4;35;1mSQL (0.2ms)[0m   [0mSET NAMES 'utf8'[0m
  [4;36;1mSQL (0.1ms)[0m   [0;1mSET SQL_AUTO_IS_NULL=0[0m


Processing UsersController#new (for 127.0.0.1 at 2010-09-08 17:31:40) [GET]
  [4;35;1mUser Columns (1.4ms)[0m   [0mSHOW FIELDS FROM `users`[0m
Rendering template within layouts/users
Rendering users/new
Completed in 53ms (View: 27, DB: 2) | 200 OK [http://0.0.0.0/users/new]
  [4;36;1mSQL (0.2ms)[0m   [0;1mSET NAMES 'utf8'[0m
  [4;35;1mSQL (0.1ms)[0m   [0mSET SQL_AUTO_IS_NULL=0[0m


Processing UsersController#create (for 127.0.0.1 at 2010-09-08 17:31:48) [POST]
  Parameters: {"commit"=>"Create", "authenticity_token"=>"jYJW3DUnh6sL0JOvkS718+GiLX4Y+UI4CJUXY62+Bfw=", "user"=>{"name"=>"", "password_confirmation"=>"", "password"=>"", "email"=>""}}
  [4;36;1mUser Columns (1.4ms)[0m   [0;1mSHOW FIELDS FROM `users`[0m
  [4;35;1mSQL (0.1ms)[0m   [0mBEGIN[0m
  [4;36;1mUser Load (0.2ms)[0m   [0;1mSELECT `users`.id FROM `users` WHERE (`users`.`name` = BINARY '') LIMIT 1[0m
  [4;35;1mUser Load (0.1ms)[0m   [0mSELECT `users`.id FROM `users` WHERE (`users`.`email` = BINARY '') LIMIT 1[0m
  [4;36;1mSQL (0.1ms)[0m   [0;1mROLLBACK[0m
Rendering template within layouts/users
Rendering users/new
Completed in 68ms (View: 33, DB: 2) | 200 OK [http://0.0.0.0/users]
  [4;35;1mSQL (0.2ms)[0m   [0mSET NAMES 'utf8'[0m
  [4;36;1mSQL (0.1ms)[0m   [0;1mSET SQL_AUTO_IS_NULL=0[0m


Processing UsersController#create (for 127.0.0.1 at 2010-09-08 17:34:07) [POST]
  Parameters: {"commit"=>"Create", "authenticity_token"=>"jYJW3DUnh6sL0JOvkS718+GiLX4Y+UI4CJUXY62+Bfw=", "user"=>{"name"=>"simeon", "password_confirmation"=>"skeemin827", "password"=>"skeemin827", "email"=>"simeon@simeons.net"}}
  [4;35;1mUser Columns (1.6ms)[0m   [0mSHOW FIELDS FROM `users`[0m
  [4;36;1mSQL (0.1ms)[0m   [0;1mBEGIN[0m
  [4;35;1mUser Load (0.2ms)[0m   [0mSELECT `users`.id FROM `users` WHERE (`users`.`name` = BINARY 'simeon') LIMIT 1[0m
  [4;36;1mUser Load (2.0ms)[0m   [0;1mSELECT `users`.id FROM `users` WHERE (`users`.`email` = BINARY 'simeon@simeons.net') LIMIT 1[0m
  [4;35;1mUser Create (0.2ms)[0m   [0mINSERT INTO `users` (`name`, `salt`, `created_at`, `updated_at`, `hashed_password`, `email`) VALUES('simeon', '187077100.959921812483287', '2010-09-09 00:34:07', '2010-09-09 00:34:07', '248f3b866fd7c4df3a87c81f040309737edc3564', 'simeon@simeons.net')[0m
  [4;36;1mSQL (0.6ms)[0m   [0;1mCOMMIT[0m
Redirected to http://0.0.0.0:3000/users/1
Completed in 42ms (DB: 5) | 302 Found [http://0.0.0.0/users]
  [4;35;1mSQL (0.2ms)[0m   [0mSET NAMES 'utf8'[0m
  [4;36;1mSQL (0.1ms)[0m   [0;1mSET SQL_AUTO_IS_NULL=0[0m


Processing UsersController#show (for 127.0.0.1 at 2010-09-08 17:34:08) [GET]
  Parameters: {"id"=>"1"}
  [4;35;1mUser Columns (2.0ms)[0m   [0mSHOW FIELDS FROM `users`[0m
  [4;36;1mUser Load (0.2ms)[0m   [0;1mSELECT * FROM `users` WHERE (`users`.`id` = 1) [0m
Rendering template within layouts/users
Rendering users/show
Completed in 42ms (View: 14, DB: 3) | 200 OK [http://0.0.0.0/users/1]
  [4;35;1mSQL (0.2ms)[0m   [0mSET NAMES 'utf8'[0m
  [4;36;1mSQL (0.2ms)[0m   [0;1mSET SQL_AUTO_IS_NULL=0[0m


Processing UsersController#index (for 127.0.0.1 at 2010-09-08 17:34:11) [GET]
  [4;35;1mUser Load (0.3ms)[0m   [0mSELECT * FROM `users` ORDER BY name[0m
Rendering template within layouts/users
Rendering users/index
  [4;36;1mUser Columns (1.4ms)[0m   [0;1mSHOW FIELDS FROM `users`[0m
Completed in 39ms (View: 14, DB: 2) | 200 OK [http://0.0.0.0/users]
  [4;35;1mSQL (0.2ms)[0m   [0mSET NAMES 'utf8'[0m
  [4;36;1mSQL (0.1ms)[0m   [0;1mSET SQL_AUTO_IS_NULL=0[0m


Processing UsersController#index (for 127.0.0.1 at 2010-09-08 17:35:36) [GET]
  [4;35;1mUser Load (0.4ms)[0m   [0mSELECT * FROM `users` ORDER BY name[0m
Rendering template within layouts/users
Rendering users/index
  [4;36;1mUser Columns (1.4ms)[0m   [0;1mSHOW FIELDS FROM `users`[0m
Completed in 48ms (View: 22, DB: 2) | 200 OK [http://0.0.0.0/users]
  [4;36;1mSQL (0.2ms)[0m   [0;1mSET NAMES 'utf8'[0m
  [4;35;1mSQL (0.1ms)[0m   [0mSET SQL_AUTO_IS_NULL=0[0m


Processing HomeController#index (for 127.0.0.1 at 2010-09-08 17:42:20) [GET]
Rendering home/index
Completed in 22ms (View: 14, DB: 0) | 200 OK [http://0.0.0.0/]
  [4;36;1mSQL (0.2ms)[0m   [0;1mSET NAMES 'utf8'[0m
  [4;35;1mSQL (0.1ms)[0m   [0mSET SQL_AUTO_IS_NULL=0[0m


Processing ApplicationController#index (for 127.0.0.1 at 2010-09-08 17:42:27) [GET]

ActionController::RoutingError (No route matches "/login" with {:method=>:get}):
  

Rendering rescues/layout (not_found)
  [4;36;1mSQL (0.1ms)[0m   [0;1mSET NAMES 'utf8'[0m
  [4;35;1mSQL (0.1ms)[0m   [0mSET SQL_AUTO_IS_NULL=0[0m


Processing HomeController#login (for 127.0.0.1 at 2010-09-08 17:43:07) [GET]
Rendering home/login
Completed in 17ms (View: 10, DB: 0) | 200 OK [http://0.0.0.0/login]
  [4;36;1mSQL (0.2ms)[0m   [0;1mSET NAMES 'utf8'[0m
  [4;35;1mSQL (0.1ms)[0m   [0mSET SQL_AUTO_IS_NULL=0[0m


Processing HomeController#logout (for 127.0.0.1 at 2010-09-08 17:43:11) [GET]
Rendering home/logout
Completed in 17ms (View: 10, DB: 0) | 200 OK [http://0.0.0.0/logout]
/!\ FAILSAFE /!\  Wed Sep 08 20:07:46 -0700 2010
  Status: 500 Internal Server Error
  Can't connect to local MySQL server through socket '/var/mysql/mysql.sock' (2)
    /usr/local/lib/ruby/gems/1.8/gems/activerecord-2.3.8/lib/active_record/connection_adapters/mysql_adapter.rb:619:in `real_connect'
    /usr/local/lib/ruby/gems/1.8/gems/activerecord-2.3.8/lib/active_record/connection_adapters/mysql_adapter.rb:619:in `connect'
    /usr/local/lib/ruby/gems/1.8/gems/activerecord-2.3.8/lib/active_record/connection_adapters/mysql_adapter.rb:203:in `initialize'
    /usr/local/lib/ruby/gems/1.8/gems/activerecord-2.3.8/lib/active_record/connection_adapters/mysql_adapter.rb:75:in `new'
    /usr/local/lib/ruby/gems/1.8/gems/activerecord-2.3.8/lib/active_record/connection_adapters/mysql_adapter.rb:75:in `mysql_connection'
    /usr/local/lib/ruby/gems/1.8/gems/activerecord-2.3.8/lib/active_record/connection_adapters/abstract/connection_pool.rb:223:in `send'
    /usr/local/lib/ruby/gems/1.8/gems/activerecord-2.3.8/lib/active_record/connection_adapters/abstract/connection_pool.rb:223:in `new_connection'
    /usr/local/lib/ruby/gems/1.8/gems/activerecord-2.3.8/lib/active_record/connection_adapters/abstract/connection_pool.rb:245:in `checkout_new_connection'
    /usr/local/lib/ruby/gems/1.8/gems/activerecord-2.3.8/lib/active_record/connection_adapters/abstract/connection_pool.rb:188:in `checkout'
    /usr/local/lib/ruby/gems/1.8/gems/activerecord-2.3.8/lib/active_record/connection_adapters/abstract/connection_pool.rb:184:in `loop'
    /usr/local/lib/ruby/gems/1.8/gems/activerecord-2.3.8/lib/active_record/connection_adapters/abstract/connection_pool.rb:184:in `checkout'
    /usr/local/lib/ruby/1.8/monitor.rb:242:in `synchronize'
    /usr/local/lib/ruby/gems/1.8/gems/activerecord-2.3.8/lib/active_record/connection_adapters/abstract/connection_pool.rb:183:in `checkout'
    /usr/local/lib/ruby/gems/1.8/gems/activerecord-2.3.8/lib/active_record/connection_adapters/abstract/connection_pool.rb:98:in `connection'
    /usr/local/lib/ruby/gems/1.8/gems/activerecord-2.3.8/lib/active_record/connection_adapters/abstract/connection_pool.rb:326:in `retrieve_connection'
    /usr/local/lib/ruby/gems/1.8/gems/activerecord-2.3.8/lib/active_record/connection_adapters/abstract/connection_specification.rb:123:in `retrieve_connection'
    /usr/local/lib/ruby/gems/1.8/gems/activerecord-2.3.8/lib/active_record/connection_adapters/abstract/connection_specification.rb:115:in `connection'
    /usr/local/lib/ruby/gems/1.8/gems/activerecord-2.3.8/lib/active_record/query_cache.rb:9:in `cache'
    /usr/local/lib/ruby/gems/1.8/gems/activerecord-2.3.8/lib/active_record/query_cache.rb:28:in `call'
    /usr/local/lib/ruby/gems/1.8/gems/activerecord-2.3.8/lib/active_record/connection_adapters/abstract/connection_pool.rb:361:in `call'
    /usr/local/lib/ruby/gems/1.8/gems/actionpack-2.3.8/lib/action_controller/string_coercion.rb:25:in `call'
    /usr/local/lib/ruby/gems/1.8/gems/rack-1.1.0/lib/rack/head.rb:9:in `call'
    /usr/local/lib/ruby/gems/1.8/gems/rack-1.1.0/lib/rack/methodoverride.rb:24:in `call'
    /usr/local/lib/ruby/gems/1.8/gems/actionpack-2.3.8/lib/action_controller/params_parser.rb:15:in `call'
    /usr/local/lib/ruby/gems/1.8/gems/actionpack-2.3.8/lib/action_controller/session/cookie_store.rb:99:in `call'
    /usr/local/lib/ruby/gems/1.8/gems/actionpack-2.3.8/lib/action_controller/failsafe.rb:26:in `call'
    /usr/local/lib/ruby/gems/1.8/gems/rack-1.1.0/lib/rack/lock.rb:11:in `call'
    /usr/local/lib/ruby/gems/1.8/gems/rack-1.1.0/lib/rack/lock.rb:11:in `synchronize'
    /usr/local/lib/ruby/gems/1.8/gems/rack-1.1.0/lib/rack/lock.rb:11:in `call'
    /usr/local/lib/ruby/gems/1.8/gems/actionpack-2.3.8/lib/action_controller/dispatcher.rb:114:in `call'
    /usr/local/lib/ruby/gems/1.8/gems/actionpack-2.3.8/lib/action_controller/reloader.rb:34:in `run'
    /usr/local/lib/ruby/gems/1.8/gems/actionpack-2.3.8/lib/action_controller/dispatcher.rb:108:in `call'
    /usr/local/lib/ruby/gems/1.8/gems/rails-2.3.8/lib/rails/rack/static.rb:31:in `call'
    /usr/local/lib/ruby/gems/1.8/gems/rack-1.1.0/lib/rack/urlmap.rb:47:in `call'
    /usr/local/lib/ruby/gems/1.8/gems/rack-1.1.0/lib/rack/urlmap.rb:41:in `each'
    /usr/local/lib/ruby/gems/1.8/gems/rack-1.1.0/lib/rack/urlmap.rb:41:in `call'
    /usr/local/lib/ruby/gems/1.8/gems/rails-2.3.8/lib/rails/rack/log_tailer.rb:17:in `call'
    /usr/local/lib/ruby/gems/1.8/gems/rack-1.1.0/lib/rack/content_length.rb:13:in `call'
    /usr/local/lib/ruby/gems/1.8/gems/rack-1.1.0/lib/rack/chunked.rb:15:in `call'
    /usr/local/lib/ruby/gems/1.8/gems/rack-1.1.0/lib/rack/handler/mongrel.rb:67:in `process'
    /usr/local/lib/ruby/gems/1.8/gems/mongrel-1.1.5/lib/mongrel.rb:159:in `process_client'
    /usr/local/lib/ruby/gems/1.8/gems/mongrel-1.1.5/lib/mongrel.rb:158:in `each'
    /usr/local/lib/ruby/gems/1.8/gems/mongrel-1.1.5/lib/mongrel.rb:158:in `process_client'
    /usr/local/lib/ruby/gems/1.8/gems/mongrel-1.1.5/lib/mongrel.rb:285:in `run'
    /usr/local/lib/ruby/gems/1.8/gems/mongrel-1.1.5/lib/mongrel.rb:285:in `initialize'
    /usr/local/lib/ruby/gems/1.8/gems/mongrel-1.1.5/lib/mongrel.rb:285:in `new'
    /usr/local/lib/ruby/gems/1.8/gems/mongrel-1.1.5/lib/mongrel.rb:285:in `run'
    /usr/local/lib/ruby/gems/1.8/gems/mongrel-1.1.5/lib/mongrel.rb:268:in `initialize'
    /usr/local/lib/ruby/gems/1.8/gems/mongrel-1.1.5/lib/mongrel.rb:268:in `new'
    /usr/local/lib/ruby/gems/1.8/gems/mongrel-1.1.5/lib/mongrel.rb:268:in `run'
    /usr/local/lib/ruby/gems/1.8/gems/rack-1.1.0/lib/rack/handler/mongrel.rb:38:in `run'
    /usr/local/lib/ruby/gems/1.8/gems/rails-2.3.8/lib/commands/server.rb:111
    /usr/local/lib/ruby/site_ruby/1.8/rubygems/custom_require.rb:31:in `gem_original_require'
    /usr/local/lib/ruby/site_ruby/1.8/rubygems/custom_require.rb:31:in `require'
    script/server:3
  [4;36;1mSQL (0.4ms)[0m   [0;1mSET NAMES 'utf8'[0m
  [4;35;1mSQL (0.2ms)[0m   [0mSET SQL_AUTO_IS_NULL=0[0m


Processing HomeController#index (for 127.0.0.1 at 2010-09-08 20:08:05) [GET]
Rendering home/index
Completed in 22ms (View: 14, DB: 1) | 200 OK [http://0.0.0.0/]
  [4;36;1mSQL (0.2ms)[0m   [0;1mSET NAMES 'utf8'[0m
  [4;35;1mSQL (0.1ms)[0m   [0mSET SQL_AUTO_IS_NULL=0[0m
  [4;36;1mSQL (0.2ms)[0m   [0;1mSET NAMES 'utf8'[0m
  [4;35;1mSQL (0.1ms)[0m   [0mSET SQL_AUTO_IS_NULL=0[0m
  [4;36;1mSQL (0.7ms)[0m   [0;1mSHOW TABLES[0m
  [4;35;1mSQL (0.6ms)[0m   [0mSELECT version FROM schema_migrations[0m
Migrating to CreateTweets (20100908235624)
Migrating to CreateUsers (20100909000908)
Migrating to CreateSessions (20100909031316)
  [4;36;1mSQL (378.8ms)[0m   [0;1mCREATE TABLE `sessions` (`id` int(11) DEFAULT NULL auto_increment PRIMARY KEY, `session_id` varchar(255) NOT NULL, `data` text, `created_at` datetime, `updated_at` datetime) ENGINE=InnoDB[0m
  [4;35;1mSQL (0.8ms)[0m   [0mSHOW KEYS FROM `sessions`[0m
  [4;36;1mSQL (112.3ms)[0m   [0;1mCREATE INDEX `index_sessions_on_session_id` ON `sessions` (`session_id`)[0m
  [4;35;1mSQL (0.7ms)[0m   [0mSHOW KEYS FROM `sessions`[0m
  [4;36;1mSQL (129.6ms)[0m   [0;1mCREATE INDEX `index_sessions_on_updated_at` ON `sessions` (`updated_at`)[0m
  [4;35;1mSQL (0.9ms)[0m   [0mINSERT INTO schema_migrations (version) VALUES ('20100909031316')[0m
  [4;36;1mSQL (0.5ms)[0m   [0;1mSHOW TABLES[0m
  [4;35;1mSQL (0.2ms)[0m   [0mSELECT version FROM schema_migrations[0m
  [4;36;1mSQL (0.3ms)[0m   [0;1mSHOW TABLES[0m
  [4;35;1mSQL (1.4ms)[0m   [0mSHOW FIELDS FROM `sessions`[0m
  [4;36;1mSQL (1.5ms)[0m   [0;1mdescribe `sessions`[0m
  [4;35;1mSQL (0.2ms)[0m   [0mSHOW KEYS FROM `sessions`[0m
  [4;36;1mSQL (1.2ms)[0m   [0;1mSHOW FIELDS FROM `tweets`[0m
  [4;35;1mSQL (1.5ms)[0m   [0mdescribe `tweets`[0m
  [4;36;1mSQL (0.2ms)[0m   [0;1mSHOW KEYS FROM `tweets`[0m
  [4;35;1mSQL (22.7ms)[0m   [0mSHOW FIELDS FROM `users`[0m
  [4;36;1mSQL (4.5ms)[0m   [0;1mdescribe `users`[0m
  [4;35;1mSQL (0.3ms)[0m   [0mSHOW KEYS FROM `users`[0m
  [4;36;1mSQL (0.2ms)[0m   [0;1mSET NAMES 'utf8'[0m
  [4;35;1mSQL (0.1ms)[0m   [0mSET SQL_AUTO_IS_NULL=0[0m
  [4;36;1mSQL (0.4ms)[0m   [0;1mSHOW TABLES[0m
  [4;35;1mSQL (0.2ms)[0m   [0mSELECT version FROM schema_migrations[0m
Migrating to CreateTweets (20100908235624)
Migrating to CreateUsers (20100909000908)
Migrating to CreateSessions (20100909031316)
Migrating to AddIsAdminToUser (20100909031810)
  [4;36;1mSQL (68.4ms)[0m   [0;1mALTER TABLE `users` ADD `is_admin` tinyint(1) DEFAULT 0[0m
  [4;35;1mSQL (0.7ms)[0m   [0mINSERT INTO schema_migrations (version) VALUES ('20100909031810')[0m
  [4;36;1mSQL (0.4ms)[0m   [0;1mSHOW TABLES[0m
  [4;35;1mSQL (0.2ms)[0m   [0mSELECT version FROM schema_migrations[0m
  [4;36;1mSQL (0.3ms)[0m   [0;1mSHOW TABLES[0m
  [4;35;1mSQL (1.3ms)[0m   [0mSHOW FIELDS FROM `sessions`[0m
  [4;36;1mSQL (1.5ms)[0m   [0;1mdescribe `sessions`[0m
  [4;35;1mSQL (0.2ms)[0m   [0mSHOW KEYS FROM `sessions`[0m
  [4;36;1mSQL (1.1ms)[0m   [0;1mSHOW FIELDS FROM `tweets`[0m
  [4;35;1mSQL (1.2ms)[0m   [0mdescribe `tweets`[0m
  [4;36;1mSQL (0.3ms)[0m   [0;1mSHOW KEYS FROM `tweets`[0m
  [4;35;1mSQL (3.2ms)[0m   [0mSHOW FIELDS FROM `users`[0m
  [4;36;1mSQL (2.4ms)[0m   [0;1mdescribe `users`[0m
  [4;35;1mSQL (0.3ms)[0m   [0mSHOW KEYS FROM `users`[0m
  [4;36;1mSQL (0.1ms)[0m   [0;1mSET NAMES 'utf8'[0m
  [4;35;1mSQL (0.1ms)[0m   [0mSET SQL_AUTO_IS_NULL=0[0m


Processing HomeController#index (for 127.0.0.1 at 2010-09-08 20:23:52) [GET]
Rendering home/index
Completed in 9ms (View: 1, DB: 0) | 200 OK [http://0.0.0.0/]
  [4;36;1mSQL (0.2ms)[0m   [0;1mSET NAMES 'utf8'[0m
  [4;35;1mSQL (0.1ms)[0m   [0mSET SQL_AUTO_IS_NULL=0[0m


Processing HomeController#login (for 127.0.0.1 at 2010-09-08 20:23:55) [GET]
Rendering home/login

ActionView::TemplateError (undefined local variable or method `f' for #<ActionView::Base:0x237d050>) on line #12 of app/views/home/login.html.erb:
9:   <%= password_field_tag :password, params[:password] %>
10: </p>  
11: <p>
12:   <%= f.submit 'Go' %>
13: </p>
14: <% end %>

    app/views/home/login.html.erb:12
    app/views/home/login.html.erb:2

Rendered rescues/_trace (161.5ms)
Rendered rescues/_request_and_response (2.6ms)
Rendering rescues/layout (internal_server_error)
  [4;36;1mSQL (0.2ms)[0m   [0;1mSET NAMES 'utf8'[0m
  [4;35;1mSQL (0.1ms)[0m   [0mSET SQL_AUTO_IS_NULL=0[0m


Processing HomeController#login (for 127.0.0.1 at 2010-09-08 20:24:10) [GET]
Rendering home/login
Completed in 20ms (View: 13, DB: 0) | 200 OK [http://0.0.0.0/login]
  [4;36;1mSQL (0.2ms)[0m   [0;1mSET NAMES 'utf8'[0m
  [4;35;1mSQL (0.1ms)[0m   [0mSET SQL_AUTO_IS_NULL=0[0m


Processing HomeController#login (for 127.0.0.1 at 2010-09-08 20:25:51) [GET]
Rendering home/login
Completed in 13ms (View: 6, DB: 0) | 200 OK [http://0.0.0.0/login]
  [4;36;1mSQL (0.2ms)[0m   [0;1mSET NAMES 'utf8'[0m
  [4;35;1mSQL (0.1ms)[0m   [0mSET SQL_AUTO_IS_NULL=0[0m


Processing HomeController#login (for 127.0.0.1 at 2010-09-08 20:26:45) [GET]
Rendering template within layouts/home
Rendering home/login
Completed in 22ms (View: 14, DB: 0) | 200 OK [http://0.0.0.0/login]
  [4;36;1mSQL (23.2ms)[0m   [0;1mSET NAMES 'utf8'[0m
  [4;35;1mSQL (0.5ms)[0m   [0mSET SQL_AUTO_IS_NULL=0[0m


Processing HomeController#logout (for 127.0.0.1 at 2010-09-09 17:11:46) [GET]
  Parameters: {"action"=>"logout", "controller"=>"home"}
  [4;36;1mUser Columns (25.0ms)[0m   [0;1mSHOW FIELDS FROM `users`[0m
  [4;35;1mUser Load (0.3ms)[0m   [0mSELECT * FROM `users` WHERE (`users`.`id` IS NULL) LIMIT 1[0m
Redirected to http://0.0.0.0:3000/login
Filter chain halted as [:authorize] rendered_or_redirected.
Completed in 219ms (DB: 109) | 302 Found [http://0.0.0.0/logout]
  [4;36;1mSQL (0.1ms)[0m   [0;1mSET NAMES 'utf8'[0m
  [4;35;1mSQL (0.1ms)[0m   [0mSET SQL_AUTO_IS_NULL=0[0m


Processing HomeController#login (for 127.0.0.1 at 2010-09-09 17:11:47) [GET]
  Parameters: {"action"=>"login", "controller"=>"home"}
Rendering template within layouts/home
Rendering home/login
Completed in 95ms (View: 87, DB: 1) | 200 OK [http://0.0.0.0/login]
  [4;36;1mSQL (0.2ms)[0m   [0;1mSET NAMES 'utf8'[0m
  [4;35;1mSQL (0.1ms)[0m   [0mSET SQL_AUTO_IS_NULL=0[0m


Processing HomeController#login (for 127.0.0.1 at 2010-09-09 17:12:20) [POST]
  Parameters: {"name"=>"simeon", "commit"=>"Go", "action"=>"login", "authenticity_token"=>"YPFZG8M/Y6+Lu7dXY9d0NsactmbVkG3RQRvNAsegFfI=", "controller"=>"home", "password"=>"[FILTERED]"}
  [4;36;1mUser Columns (1.4ms)[0m   [0;1mSHOW FIELDS FROM `users`[0m
  [4;35;1mUser Load (0.2ms)[0m   [0mSELECT * FROM `users` WHERE (`users`.`name` = 'simeon') LIMIT 1[0m
Redirected to http://0.0.0.0:3000/
Completed in 33ms (DB: 2) | 302 Found [http://0.0.0.0/login]
  [4;36;1mSQL (0.1ms)[0m   [0;1mSET NAMES 'utf8'[0m
  [4;35;1mSQL (0.1ms)[0m   [0mSET SQL_AUTO_IS_NULL=0[0m


Processing HomeController#index (for 127.0.0.1 at 2010-09-09 17:12:20) [GET]
  Parameters: {"action"=>"index", "controller"=>"home"}
  [4;36;1mUser Columns (1.3ms)[0m   [0;1mSHOW FIELDS FROM `users`[0m
  [4;35;1mUser Load (0.2ms)[0m   [0mSELECT * FROM `users` WHERE (`users`.`id` = 1) LIMIT 1[0m
Rendering template within layouts/home
Rendering home/index
Completed in 56ms (View: 27, DB: 2) | 200 OK [http://0.0.0.0/]
  [4;36;1mSQL (0.2ms)[0m   [0;1mSET NAMES 'utf8'[0m
  [4;35;1mSQL (0.1ms)[0m   [0mSET SQL_AUTO_IS_NULL=0[0m
  [4;36;1mUser Columns (1.5ms)[0m   [0;1mSHOW FIELDS FROM `users`[0m
  [4;35;1mUser Load (0.2ms)[0m   [0mSELECT * FROM `users` WHERE (`users`.`id` = 1) [0m
  [4;36;1mUser Load (0.4ms)[0m   [0;1mSELECT * FROM `users` WHERE (`users`.`id` = 1) [0m
  [4;35;1mSQL (0.2ms)[0m   [0mBEGIN[0m
  [4;36;1mUser Update (0.3ms)[0m   [0;1mUPDATE `users` SET `updated_at` = '2010-09-10 00:17:39', `is_admin` = 1 WHERE `id` = 1[0m
  [4;35;1mSQL (0.8ms)[0m   [0mCOMMIT[0m
  [4;36;1mSQL (0.2ms)[0m   [0;1mSET NAMES 'utf8'[0m
  [4;35;1mSQL (0.1ms)[0m   [0mSET SQL_AUTO_IS_NULL=0[0m


Processing HomeController#index (for 127.0.0.1 at 2010-09-09 17:26:29) [GET]
  Parameters: {"action"=>"index", "controller"=>"home"}
  [4;36;1mUser Columns (1.4ms)[0m   [0;1mSHOW FIELDS FROM `users`[0m
  [4;35;1mUser Load (0.2ms)[0m   [0mSELECT * FROM `users` WHERE (`users`.`id` = 1) LIMIT 1[0m
Rendering template within layouts/home
Rendering home/index
Completed in 74ms (View: 25, DB: 4) | 200 OK [http://0.0.0.0/]
  [4;36;1mSQL (0.2ms)[0m   [0;1mSET NAMES 'utf8'[0m
  [4;35;1mSQL (0.1ms)[0m   [0mSET SQL_AUTO_IS_NULL=0[0m


Processing UsersController#index (for 127.0.0.1 at 2010-09-09 17:26:32) [GET]
  Parameters: {"action"=>"index", "controller"=>"users"}
Redirected to http://0.0.0.0:3000/users
Filter chain halted as [:authorize] rendered_or_redirected.
Completed in 4ms (DB: 1) | 302 Found [http://0.0.0.0/users]
  [4;36;1mSQL (0.1ms)[0m   [0;1mSET NAMES 'utf8'[0m
  [4;35;1mSQL (0.1ms)[0m   [0mSET SQL_AUTO_IS_NULL=0[0m


Processing UsersController#index (for 127.0.0.1 at 2010-09-09 17:26:32) [GET]
  Parameters: {"action"=>"index", "controller"=>"users"}
Redirected to http://0.0.0.0:3000/users
Filter chain halted as [:authorize] rendered_or_redirected.
Completed in 3ms (DB: 1) | 302 Found [http://0.0.0.0/users]
  [4;36;1mSQL (0.1ms)[0m   [0;1mSET NAMES 'utf8'[0m
  [4;35;1mSQL (0.1ms)[0m   [0mSET SQL_AUTO_IS_NULL=0[0m


Processing UsersController#index (for 127.0.0.1 at 2010-09-09 17:26:32) [GET]
  Parameters: {"action"=>"index", "controller"=>"users"}
Redirected to http://0.0.0.0:3000/users
Filter chain halted as [:authorize] rendered_or_redirected.
Completed in 3ms (DB: 1) | 302 Found [http://0.0.0.0/users]
  [4;36;1mSQL (0.1ms)[0m   [0;1mSET NAMES 'utf8'[0m
  [4;35;1mSQL (0.1ms)[0m   [0mSET SQL_AUTO_IS_NULL=0[0m


Processing UsersController#index (for 127.0.0.1 at 2010-09-09 17:26:32) [GET]
  Parameters: {"action"=>"index", "controller"=>"users"}
Redirected to http://0.0.0.0:3000/users
Filter chain halted as [:authorize] rendered_or_redirected.
Completed in 3ms (DB: 1) | 302 Found [http://0.0.0.0/users]
  [4;36;1mSQL (0.1ms)[0m   [0;1mSET NAMES 'utf8'[0m
  [4;35;1mSQL (0.1ms)[0m   [0mSET SQL_AUTO_IS_NULL=0[0m


Processing UsersController#index (for 127.0.0.1 at 2010-09-09 17:26:32) [GET]
  Parameters: {"action"=>"index", "controller"=>"users"}
Redirected to http://0.0.0.0:3000/users
Filter chain halted as [:authorize] rendered_or_redirected.
Completed in 3ms (DB: 1) | 302 Found [http://0.0.0.0/users]
  [4;36;1mSQL (0.1ms)[0m   [0;1mSET NAMES 'utf8'[0m
  [4;35;1mSQL (0.1ms)[0m   [0mSET SQL_AUTO_IS_NULL=0[0m


Processing UsersController#index (for 127.0.0.1 at 2010-09-09 17:26:32) [GET]
  Parameters: {"action"=>"index", "controller"=>"users"}
Redirected to http://0.0.0.0:3000/users
Filter chain halted as [:authorize] rendered_or_redirected.
Completed in 3ms (DB: 1) | 302 Found [http://0.0.0.0/users]
  [4;36;1mSQL (0.1ms)[0m   [0;1mSET NAMES 'utf8'[0m
  [4;35;1mSQL (0.1ms)[0m   [0mSET SQL_AUTO_IS_NULL=0[0m


Processing UsersController#index (for 127.0.0.1 at 2010-09-09 17:26:32) [GET]
  Parameters: {"action"=>"index", "controller"=>"users"}
Redirected to http://0.0.0.0:3000/users
Filter chain halted as [:authorize] rendered_or_redirected.
Completed in 3ms (DB: 1) | 302 Found [http://0.0.0.0/users]
  [4;36;1mSQL (0.1ms)[0m   [0;1mSET NAMES 'utf8'[0m
  [4;35;1mSQL (0.1ms)[0m   [0mSET SQL_AUTO_IS_NULL=0[0m


Processing UsersController#index (for 127.0.0.1 at 2010-09-09 17:26:32) [GET]
  Parameters: {"action"=>"index", "controller"=>"users"}
Redirected to http://0.0.0.0:3000/users
Filter chain halted as [:authorize] rendered_or_redirected.
Completed in 3ms (DB: 1) | 302 Found [http://0.0.0.0/users]
  [4;36;1mSQL (0.1ms)[0m   [0;1mSET NAMES 'utf8'[0m
  [4;35;1mSQL (0.1ms)[0m   [0mSET SQL_AUTO_IS_NULL=0[0m


Processing UsersController#index (for 127.0.0.1 at 2010-09-09 17:26:32) [GET]
  Parameters: {"action"=>"index", "controller"=>"users"}
Redirected to http://0.0.0.0:3000/users
Filter chain halted as [:authorize] rendered_or_redirected.
Completed in 3ms (DB: 1) | 302 Found [http://0.0.0.0/users]
  [4;36;1mSQL (0.1ms)[0m   [0;1mSET NAMES 'utf8'[0m
  [4;35;1mSQL (0.1ms)[0m   [0mSET SQL_AUTO_IS_NULL=0[0m


Processing UsersController#index (for 127.0.0.1 at 2010-09-09 17:26:32) [GET]
  Parameters: {"action"=>"index", "controller"=>"users"}
Redirected to http://0.0.0.0:3000/users
Filter chain halted as [:authorize] rendered_or_redirected.
Completed in 3ms (DB: 1) | 302 Found [http://0.0.0.0/users]
  [4;36;1mSQL (0.1ms)[0m   [0;1mSET NAMES 'utf8'[0m
  [4;35;1mSQL (0.1ms)[0m   [0mSET SQL_AUTO_IS_NULL=0[0m


Processing UsersController#index (for 127.0.0.1 at 2010-09-09 17:26:33) [GET]
  Parameters: {"action"=>"index", "controller"=>"users"}
Redirected to http://0.0.0.0:3000/users
Filter chain halted as [:authorize] rendered_or_redirected.
Completed in 3ms (DB: 1) | 302 Found [http://0.0.0.0/users]
  [4;36;1mSQL (0.1ms)[0m   [0;1mSET NAMES 'utf8'[0m
  [4;35;1mSQL (0.1ms)[0m   [0mSET SQL_AUTO_IS_NULL=0[0m


Processing UsersController#index (for 127.0.0.1 at 2010-09-09 17:26:33) [GET]
  Parameters: {"action"=>"index", "controller"=>"users"}
Redirected to http://0.0.0.0:3000/users
Filter chain halted as [:authorize] rendered_or_redirected.
Completed in 3ms (DB: 1) | 302 Found [http://0.0.0.0/users]
  [4;36;1mSQL (0.1ms)[0m   [0;1mSET NAMES 'utf8'[0m
  [4;35;1mSQL (0.1ms)[0m   [0mSET SQL_AUTO_IS_NULL=0[0m


Processing UsersController#index (for 127.0.0.1 at 2010-09-09 17:26:33) [GET]
  Parameters: {"action"=>"index", "controller"=>"users"}
Redirected to http://0.0.0.0:3000/users
Filter chain halted as [:authorize] rendered_or_redirected.
Completed in 3ms (DB: 1) | 302 Found [http://0.0.0.0/users]
  [4;36;1mSQL (0.1ms)[0m   [0;1mSET NAMES 'utf8'[0m
  [4;35;1mSQL (0.1ms)[0m   [0mSET SQL_AUTO_IS_NULL=0[0m


Processing UsersController#index (for 127.0.0.1 at 2010-09-09 17:26:33) [GET]
  Parameters: {"action"=>"index", "controller"=>"users"}
Redirected to http://0.0.0.0:3000/users
Filter chain halted as [:authorize] rendered_or_redirected.
Completed in 3ms (DB: 1) | 302 Found [http://0.0.0.0/users]
  [4;36;1mSQL (0.1ms)[0m   [0;1mSET NAMES 'utf8'[0m
  [4;35;1mSQL (0.1ms)[0m   [0mSET SQL_AUTO_IS_NULL=0[0m


Processing UsersController#index (for 127.0.0.1 at 2010-09-09 17:26:33) [GET]
  Parameters: {"action"=>"index", "controller"=>"users"}
Redirected to http://0.0.0.0:3000/users
Filter chain halted as [:authorize] rendered_or_redirected.
Completed in 3ms (DB: 1) | 302 Found [http://0.0.0.0/users]
  [4;36;1mSQL (0.1ms)[0m   [0;1mSET NAMES 'utf8'[0m
  [4;35;1mSQL (0.1ms)[0m   [0mSET SQL_AUTO_IS_NULL=0[0m


Processing UsersController#index (for 127.0.0.1 at 2010-09-09 17:26:33) [GET]
  Parameters: {"action"=>"index", "controller"=>"users"}
Redirected to http://0.0.0.0:3000/users
Filter chain halted as [:authorize] rendered_or_redirected.
Completed in 3ms (DB: 1) | 302 Found [http://0.0.0.0/users]
  [4;36;1mSQL (0.1ms)[0m   [0;1mSET NAMES 'utf8'[0m
  [4;35;1mSQL (0.1ms)[0m   [0mSET SQL_AUTO_IS_NULL=0[0m


Processing UsersController#index (for 127.0.0.1 at 2010-09-09 17:26:33) [GET]
  Parameters: {"action"=>"index", "controller"=>"users"}
Redirected to http://0.0.0.0:3000/users
Filter chain halted as [:authorize] rendered_or_redirected.
Completed in 3ms (DB: 1) | 302 Found [http://0.0.0.0/users]
  [4;36;1mSQL (0.2ms)[0m   [0;1mSET NAMES 'utf8'[0m
  [4;35;1mSQL (0.1ms)[0m   [0mSET SQL_AUTO_IS_NULL=0[0m


Processing UsersController#index (for 127.0.0.1 at 2010-09-09 17:26:54) [GET]
  Parameters: {"action"=>"index", "controller"=>"users"}
Redirected to http://0.0.0.0:3000/users
Filter chain halted as [:authorize] rendered_or_redirected.
Completed in 3ms (DB: 1) | 302 Found [http://0.0.0.0/users]
  [4;36;1mSQL (0.1ms)[0m   [0;1mSET NAMES 'utf8'[0m
  [4;35;1mSQL (0.1ms)[0m   [0mSET SQL_AUTO_IS_NULL=0[0m


Processing UsersController#index (for 127.0.0.1 at 2010-09-09 17:26:54) [GET]
  Parameters: {"action"=>"index", "controller"=>"users"}
Redirected to http://0.0.0.0:3000/users
Filter chain halted as [:authorize] rendered_or_redirected.
Completed in 3ms (DB: 1) | 302 Found [http://0.0.0.0/users]
  [4;36;1mSQL (0.1ms)[0m   [0;1mSET NAMES 'utf8'[0m
  [4;35;1mSQL (0.1ms)[0m   [0mSET SQL_AUTO_IS_NULL=0[0m


Processing UsersController#index (for 127.0.0.1 at 2010-09-09 17:26:54) [GET]
  Parameters: {"action"=>"index", "controller"=>"users"}
Redirected to http://0.0.0.0:3000/users
Filter chain halted as [:authorize] rendered_or_redirected.
Completed in 3ms (DB: 1) | 302 Found [http://0.0.0.0/users]
  [4;36;1mSQL (0.1ms)[0m   [0;1mSET NAMES 'utf8'[0m
  [4;35;1mSQL (0.1ms)[0m   [0mSET SQL_AUTO_IS_NULL=0[0m


Processing UsersController#index (for 127.0.0.1 at 2010-09-09 17:26:54) [GET]
  Parameters: {"action"=>"index", "controller"=>"users"}
Redirected to http://0.0.0.0:3000/users
Filter chain halted as [:authorize] rendered_or_redirected.
Completed in 3ms (DB: 1) | 302 Found [http://0.0.0.0/users]
  [4;36;1mSQL (0.1ms)[0m   [0;1mSET NAMES 'utf8'[0m
  [4;35;1mSQL (0.1ms)[0m   [0mSET SQL_AUTO_IS_NULL=0[0m


Processing UsersController#index (for 127.0.0.1 at 2010-09-09 17:26:54) [GET]
  Parameters: {"action"=>"index", "controller"=>"users"}
Redirected to http://0.0.0.0:3000/users
Filter chain halted as [:authorize] rendered_or_redirected.
Completed in 3ms (DB: 1) | 302 Found [http://0.0.0.0/users]
  [4;36;1mSQL (0.1ms)[0m   [0;1mSET NAMES 'utf8'[0m
  [4;35;1mSQL (0.1ms)[0m   [0mSET SQL_AUTO_IS_NULL=0[0m


Processing UsersController#index (for 127.0.0.1 at 2010-09-09 17:26:54) [GET]
  Parameters: {"action"=>"index", "controller"=>"users"}
Redirected to http://0.0.0.0:3000/users
Filter chain halted as [:authorize] rendered_or_redirected.
Completed in 3ms (DB: 1) | 302 Found [http://0.0.0.0/users]
  [4;36;1mSQL (0.1ms)[0m   [0;1mSET NAMES 'utf8'[0m
  [4;35;1mSQL (0.1ms)[0m   [0mSET SQL_AUTO_IS_NULL=0[0m


Processing UsersController#index (for 127.0.0.1 at 2010-09-09 17:26:55) [GET]
  Parameters: {"action"=>"index", "controller"=>"users"}
Redirected to http://0.0.0.0:3000/users
Filter chain halted as [:authorize] rendered_or_redirected.
Completed in 3ms (DB: 1) | 302 Found [http://0.0.0.0/users]
  [4;36;1mSQL (0.1ms)[0m   [0;1mSET NAMES 'utf8'[0m
  [4;35;1mSQL (0.1ms)[0m   [0mSET SQL_AUTO_IS_NULL=0[0m


Processing UsersController#index (for 127.0.0.1 at 2010-09-09 17:26:55) [GET]
  Parameters: {"action"=>"index", "controller"=>"users"}
Redirected to http://0.0.0.0:3000/users
Filter chain halted as [:authorize] rendered_or_redirected.
Completed in 3ms (DB: 1) | 302 Found [http://0.0.0.0/users]
  [4;36;1mSQL (0.1ms)[0m   [0;1mSET NAMES 'utf8'[0m
  [4;35;1mSQL (0.1ms)[0m   [0mSET SQL_AUTO_IS_NULL=0[0m


Processing UsersController#index (for 127.0.0.1 at 2010-09-09 17:26:55) [GET]
  Parameters: {"action"=>"index", "controller"=>"users"}
Redirected to http://0.0.0.0:3000/users
Filter chain halted as [:authorize] rendered_or_redirected.
Completed in 3ms (DB: 1) | 302 Found [http://0.0.0.0/users]
  [4;36;1mSQL (0.1ms)[0m   [0;1mSET NAMES 'utf8'[0m
  [4;35;1mSQL (0.1ms)[0m   [0mSET SQL_AUTO_IS_NULL=0[0m


Processing UsersController#index (for 127.0.0.1 at 2010-09-09 17:26:55) [GET]
  Parameters: {"action"=>"index", "controller"=>"users"}
Redirected to http://0.0.0.0:3000/users
Filter chain halted as [:authorize] rendered_or_redirected.
Completed in 3ms (DB: 1) | 302 Found [http://0.0.0.0/users]
  [4;36;1mSQL (0.1ms)[0m   [0;1mSET NAMES 'utf8'[0m
  [4;35;1mSQL (0.1ms)[0m   [0mSET SQL_AUTO_IS_NULL=0[0m


Processing UsersController#index (for 127.0.0.1 at 2010-09-09 17:26:55) [GET]
  Parameters: {"action"=>"index", "controller"=>"users"}
Redirected to http://0.0.0.0:3000/users
Filter chain halted as [:authorize] rendered_or_redirected.
Completed in 3ms (DB: 1) | 302 Found [http://0.0.0.0/users]
  [4;36;1mSQL (0.1ms)[0m   [0;1mSET NAMES 'utf8'[0m
  [4;35;1mSQL (0.1ms)[0m   [0mSET SQL_AUTO_IS_NULL=0[0m


Processing UsersController#index (for 127.0.0.1 at 2010-09-09 17:26:55) [GET]
  Parameters: {"action"=>"index", "controller"=>"users"}
Redirected to http://0.0.0.0:3000/users
Filter chain halted as [:authorize] rendered_or_redirected.
Completed in 3ms (DB: 1) | 302 Found [http://0.0.0.0/users]
  [4;36;1mSQL (0.1ms)[0m   [0;1mSET NAMES 'utf8'[0m
  [4;35;1mSQL (0.1ms)[0m   [0mSET SQL_AUTO_IS_NULL=0[0m


Processing UsersController#index (for 127.0.0.1 at 2010-09-09 17:26:55) [GET]
  Parameters: {"action"=>"index", "controller"=>"users"}
Redirected to http://0.0.0.0:3000/users
Filter chain halted as [:authorize] rendered_or_redirected.
Completed in 3ms (DB: 1) | 302 Found [http://0.0.0.0/users]
  [4;36;1mSQL (0.1ms)[0m   [0;1mSET NAMES 'utf8'[0m
  [4;35;1mSQL (0.1ms)[0m   [0mSET SQL_AUTO_IS_NULL=0[0m


Processing UsersController#index (for 127.0.0.1 at 2010-09-09 17:26:55) [GET]
  Parameters: {"action"=>"index", "controller"=>"users"}
Redirected to http://0.0.0.0:3000/users
Filter chain halted as [:authorize] rendered_or_redirected.
Completed in 3ms (DB: 1) | 302 Found [http://0.0.0.0/users]
  [4;36;1mSQL (0.1ms)[0m   [0;1mSET NAMES 'utf8'[0m
  [4;35;1mSQL (0.1ms)[0m   [0mSET SQL_AUTO_IS_NULL=0[0m


Processing UsersController#index (for 127.0.0.1 at 2010-09-09 17:26:55) [GET]
  Parameters: {"action"=>"index", "controller"=>"users"}
Redirected to http://0.0.0.0:3000/users
Filter chain halted as [:authorize] rendered_or_redirected.
Completed in 3ms (DB: 1) | 302 Found [http://0.0.0.0/users]
  [4;36;1mSQL (0.1ms)[0m   [0;1mSET NAMES 'utf8'[0m
  [4;35;1mSQL (0.1ms)[0m   [0mSET SQL_AUTO_IS_NULL=0[0m


Processing UsersController#index (for 127.0.0.1 at 2010-09-09 17:26:55) [GET]
  Parameters: {"action"=>"index", "controller"=>"users"}
Redirected to http://0.0.0.0:3000/users
Filter chain halted as [:authorize] rendered_or_redirected.
Completed in 3ms (DB: 1) | 302 Found [http://0.0.0.0/users]
  [4;36;1mSQL (0.1ms)[0m   [0;1mSET NAMES 'utf8'[0m
  [4;35;1mSQL (0.1ms)[0m   [0mSET SQL_AUTO_IS_NULL=0[0m


Processing UsersController#index (for 127.0.0.1 at 2010-09-09 17:26:55) [GET]
  Parameters: {"action"=>"index", "controller"=>"users"}
Redirected to http://0.0.0.0:3000/users
Filter chain halted as [:authorize] rendered_or_redirected.
Completed in 3ms (DB: 1) | 302 Found [http://0.0.0.0/users]
  [4;36;1mSQL (0.2ms)[0m   [0;1mSET NAMES 'utf8'[0m
  [4;35;1mSQL (0.1ms)[0m   [0mSET SQL_AUTO_IS_NULL=0[0m


Processing UsersController#index (for 127.0.0.1 at 2010-09-09 17:27:18) [GET]
  Parameters: {"action"=>"index", "controller"=>"users"}
  [4;36;1mUser Columns (2.0ms)[0m   [0;1mSHOW FIELDS FROM `users`[0m
  [4;35;1mUser Load (0.2ms)[0m   [0mSELECT * FROM `users` WHERE (`users`.`id` = 1) LIMIT 1[0m
  [4;36;1mUser Load (0.2ms)[0m   [0;1mSELECT * FROM `users` ORDER BY name[0m
Rendering template within layouts/users
Rendering users/index
Completed in 96ms (View: 63, DB: 3) | 200 OK [http://0.0.0.0/users]
  [4;35;1mSQL (0.2ms)[0m   [0mSET NAMES 'utf8'[0m
  [4;36;1mSQL (0.1ms)[0m   [0;1mSET SQL_AUTO_IS_NULL=0[0m


Processing UsersController#index (for 127.0.0.1 at 2010-09-09 17:27:49) [GET]
  Parameters: {"action"=>"index", "controller"=>"users"}
  [4;35;1mUser Columns (1.4ms)[0m   [0mSHOW FIELDS FROM `users`[0m
  [4;36;1mUser Load (0.2ms)[0m   [0;1mSELECT * FROM `users` WHERE (`users`.`id` = 1) LIMIT 1[0m
  [4;35;1mUser Load (0.2ms)[0m   [0mSELECT * FROM `users` ORDER BY name[0m
Rendering template within layouts/users
Rendering users/index
Completed in 46ms (View: 13, DB: 2) | 200 OK [http://0.0.0.0/users]
  [4;36;1mSQL (0.2ms)[0m   [0;1mSET NAMES 'utf8'[0m
  [4;35;1mSQL (0.1ms)[0m   [0mSET SQL_AUTO_IS_NULL=0[0m


Processing UsersController#edit (for 127.0.0.1 at 2010-09-09 17:27:51) [GET]
  Parameters: {"action"=>"edit", "id"=>"1", "controller"=>"users"}
  [4;36;1mUser Columns (1.5ms)[0m   [0;1mSHOW FIELDS FROM `users`[0m
  [4;35;1mUser Load (0.2ms)[0m   [0mSELECT * FROM `users` WHERE (`users`.`id` = 1) LIMIT 1[0m
  [4;36;1mUser Load (0.2ms)[0m   [0;1mSELECT * FROM `users` WHERE (`users`.`id` = 1) [0m
Rendering template within layouts/users
Rendering users/edit
Completed in 154ms (View: 52, DB: 3) | 200 OK [http://0.0.0.0/users/1/edit]
  [4;35;1mSQL (0.2ms)[0m   [0mSET NAMES 'utf8'[0m
  [4;36;1mSQL (0.1ms)[0m   [0;1mSET SQL_AUTO_IS_NULL=0[0m


Processing UsersController#show (for 127.0.0.1 at 2010-09-09 17:28:06) [GET]
  Parameters: {"action"=>"show", "id"=>"1", "controller"=>"users"}
  [4;35;1mUser Columns (1.4ms)[0m   [0mSHOW FIELDS FROM `users`[0m
  [4;36;1mUser Load (0.2ms)[0m   [0;1mSELECT * FROM `users` WHERE (`users`.`id` = 1) LIMIT 1[0m
  [4;35;1mUser Load (0.2ms)[0m   [0mSELECT * FROM `users` WHERE (`users`.`id` = 1) [0m
Rendering template within layouts/users
Rendering users/show
Completed in 55ms (View: 21, DB: 2) | 200 OK [http://0.0.0.0/users/1]
  [4;36;1mSQL (0.2ms)[0m   [0;1mSET NAMES 'utf8'[0m
  [4;35;1mSQL (0.1ms)[0m   [0mSET SQL_AUTO_IS_NULL=0[0m


Processing UsersController#index (for 127.0.0.1 at 2010-09-09 17:28:09) [GET]
  Parameters: {"action"=>"index", "controller"=>"users"}
  [4;36;1mUser Columns (1.4ms)[0m   [0;1mSHOW FIELDS FROM `users`[0m
  [4;35;1mUser Load (0.2ms)[0m   [0mSELECT * FROM `users` WHERE (`users`.`id` = 1) LIMIT 1[0m
  [4;36;1mUser Load (0.2ms)[0m   [0;1mSELECT * FROM `users` ORDER BY name[0m
Rendering template within layouts/users
Rendering users/index
Completed in 46ms (View: 13, DB: 2) | 200 OK [http://0.0.0.0/users]
  [4;35;1mSQL (0.2ms)[0m   [0mSET NAMES 'utf8'[0m
  [4;36;1mSQL (0.2ms)[0m   [0;1mSET SQL_AUTO_IS_NULL=0[0m


Processing UsersController#show (for 127.0.0.1 at 2010-09-09 17:28:11) [GET]
  Parameters: {"action"=>"show", "id"=>"1", "controller"=>"users"}
  [4;35;1mUser Columns (1.4ms)[0m   [0mSHOW FIELDS FROM `users`[0m
  [4;36;1mUser Load (0.2ms)[0m   [0;1mSELECT * FROM `users` WHERE (`users`.`id` = 1) LIMIT 1[0m
  [4;35;1mUser Load (0.2ms)[0m   [0mSELECT * FROM `users` WHERE (`users`.`id` = 1) [0m
Rendering template within layouts/users
Rendering users/show
Completed in 40ms (View: 6, DB: 2) | 200 OK [http://0.0.0.0/users/1]
  [4;36;1mSQL (0.2ms)[0m   [0;1mSET NAMES 'utf8'[0m
  [4;35;1mSQL (0.1ms)[0m   [0mSET SQL_AUTO_IS_NULL=0[0m


Processing UsersController#edit (for 127.0.0.1 at 2010-09-09 17:28:12) [GET]
  Parameters: {"action"=>"edit", "id"=>"1", "controller"=>"users"}
  [4;36;1mUser Columns (1.4ms)[0m   [0;1mSHOW FIELDS FROM `users`[0m
  [4;35;1mUser Load (0.2ms)[0m   [0mSELECT * FROM `users` WHERE (`users`.`id` = 1) LIMIT 1[0m
  [4;36;1mUser Load (0.2ms)[0m   [0;1mSELECT * FROM `users` WHERE (`users`.`id` = 1) [0m
Rendering template within layouts/users
Rendering users/edit
Completed in 55ms (View: 23, DB: 2) | 200 OK [http://0.0.0.0/users/1/edit]
  [4;35;1mSQL (0.2ms)[0m   [0mSET NAMES 'utf8'[0m
  [4;36;1mSQL (0.1ms)[0m   [0;1mSET SQL_AUTO_IS_NULL=0[0m


Processing UsersController#edit (for 127.0.0.1 at 2010-09-09 17:29:32) [GET]
  Parameters: {"action"=>"edit", "id"=>"1", "controller"=>"users"}
  [4;35;1mUser Columns (1.6ms)[0m   [0mSHOW FIELDS FROM `users`[0m
  [4;36;1mUser Load (0.2ms)[0m   [0;1mSELECT * FROM `users` WHERE (`users`.`id` = 1) LIMIT 1[0m
  [4;35;1mUser Load (0.2ms)[0m   [0mSELECT * FROM `users` WHERE (`users`.`id` = 1) [0m
Rendering template within layouts/users
Rendering users/edit
Completed in 63ms (View: 31, DB: 3) | 200 OK [http://0.0.0.0/users/1/edit]
  [4;36;1mSQL (0.2ms)[0m   [0;1mSET NAMES 'utf8'[0m
  [4;35;1mSQL (0.1ms)[0m   [0mSET SQL_AUTO_IS_NULL=0[0m


Processing UsersController#edit (for 127.0.0.1 at 2010-09-09 17:29:51) [GET]
  Parameters: {"action"=>"edit", "id"=>"1", "controller"=>"users"}
  [4;36;1mUser Columns (1.4ms)[0m   [0;1mSHOW FIELDS FROM `users`[0m
  [4;35;1mUser Load (0.2ms)[0m   [0mSELECT * FROM `users` WHERE (`users`.`id` = 1) LIMIT 1[0m
  [4;36;1mUser Load (0.2ms)[0m   [0;1mSELECT * FROM `users` WHERE (`users`.`id` = 1) [0m
Rendering template within layouts/users
Rendering users/edit
Completed in 63ms (View: 30, DB: 2) | 200 OK [http://0.0.0.0/users/1/edit]
  [4;35;1mSQL (0.1ms)[0m   [0mSET NAMES 'utf8'[0m
  [4;36;1mSQL (0.1ms)[0m   [0;1mSET SQL_AUTO_IS_NULL=0[0m


Processing UsersController#update (for 127.0.0.1 at 2010-09-09 17:32:30) [PUT]
  Parameters: {"commit"=>"Update", "action"=>"update", "_method"=>"put", "authenticity_token"=>"YPFZG8M/Y6+Lu7dXY9d0NsactmbVkG3RQRvNAsegFfI=", "id"=>"1", "controller"=>"users", "user"=>{"name"=>"simeon", "password_confirmation"=>"[FILTERED]", "password"=>"[FILTERED]", "email"=>"simeon@simeons.net"}}
  [4;35;1mUser Columns (2.0ms)[0m   [0mSHOW FIELDS FROM `users`[0m
  [4;36;1mUser Load (0.2ms)[0m   [0;1mSELECT * FROM `users` WHERE (`users`.`id` = 1) LIMIT 1[0m
Redirected to http://0.0.0.0:3000/users
Filter chain halted as [:authorize_admin] rendered_or_redirected.
Completed in 24ms (DB: 3) | 302 Found [http://0.0.0.0/users/1]
  [4;35;1mSQL (0.2ms)[0m   [0mSET NAMES 'utf8'[0m
  [4;36;1mSQL (0.2ms)[0m   [0;1mSET SQL_AUTO_IS_NULL=0[0m


Processing UsersController#index (for 127.0.0.1 at 2010-09-09 17:32:30) [GET]
  Parameters: {"action"=>"index", "controller"=>"users"}
  [4;35;1mUser Columns (2.5ms)[0m   [0mSHOW FIELDS FROM `users`[0m
  [4;36;1mUser Load (0.2ms)[0m   [0;1mSELECT * FROM `users` WHERE (`users`.`id` = 1) LIMIT 1[0m
  [4;35;1mUser Load (0.4ms)[0m   [0mSELECT * FROM `users` ORDER BY name[0m
Rendering template within layouts/users
Rendering users/index
Completed in 120ms (View: 13, DB: 4) | 200 OK [http://0.0.0.0/users]
  [4;36;1mSQL (0.2ms)[0m   [0;1mSET NAMES 'utf8'[0m
  [4;35;1mSQL (0.2ms)[0m   [0mSET SQL_AUTO_IS_NULL=0[0m


Processing UsersController#edit (for 127.0.0.1 at 2010-09-09 17:32:32) [GET]
  Parameters: {"action"=>"edit", "id"=>"1", "controller"=>"users"}
  [4;36;1mUser Columns (1.4ms)[0m   [0;1mSHOW FIELDS FROM `users`[0m
  [4;35;1mUser Load (0.2ms)[0m   [0mSELECT * FROM `users` WHERE (`users`.`id` = 1) LIMIT 1[0m
  [4;36;1mUser Load (0.2ms)[0m   [0;1mSELECT * FROM `users` WHERE (`users`.`id` = 1) [0m
Rendering template within layouts/users
Rendering users/edit
Completed in 63ms (View: 31, DB: 2) | 200 OK [http://0.0.0.0/users/1/edit]
  [4;35;1mSQL (0.1ms)[0m   [0mSET NAMES 'utf8'[0m
  [4;36;1mSQL (0.1ms)[0m   [0;1mSET SQL_AUTO_IS_NULL=0[0m


Processing HomeController#logout (for 127.0.0.1 at 2010-09-09 17:37:43) [GET]
  Parameters: {"action"=>"logout", "controller"=>"home"}
  [4;35;1mUser Columns (1.4ms)[0m   [0mSHOW FIELDS FROM `users`[0m
  [4;36;1mUser Load (0.2ms)[0m   [0;1mSELECT * FROM `users` WHERE (`users`.`id` = 1) LIMIT 1[0m
Redirected to http://0.0.0.0:3000/login
Completed in 32ms (DB: 2) | 302 Found [http://0.0.0.0/logout]
  [4;35;1mSQL (0.2ms)[0m   [0mSET NAMES 'utf8'[0m
  [4;36;1mSQL (0.1ms)[0m   [0;1mSET SQL_AUTO_IS_NULL=0[0m


Processing HomeController#login (for 127.0.0.1 at 2010-09-09 17:37:43) [GET]
  Parameters: {"action"=>"login", "controller"=>"home"}
Rendering template within layouts/home
Rendering home/login
Completed in 24ms (View: 16, DB: 1) | 200 OK [http://0.0.0.0/login]
  [4;35;1mSQL (0.2ms)[0m   [0mSET NAMES 'utf8'[0m
  [4;36;1mSQL (0.1ms)[0m   [0;1mSET SQL_AUTO_IS_NULL=0[0m


Processing HomeController#login (for 127.0.0.1 at 2010-09-09 17:37:47) [POST]
  Parameters: {"name"=>"simeon", "commit"=>"Go", "action"=>"login", "authenticity_token"=>"YPFZG8M/Y6+Lu7dXY9d0NsactmbVkG3RQRvNAsegFfI=", "controller"=>"home", "password"=>"[FILTERED]"}
  [4;35;1mUser Columns (2.0ms)[0m   [0mSHOW FIELDS FROM `users`[0m
  [4;36;1mUser Load (0.2ms)[0m   [0;1mSELECT * FROM `users` WHERE (`users`.`name` = 'simeon') LIMIT 1[0m
Redirected to http://0.0.0.0:3000/
Completed in 35ms (DB: 3) | 302 Found [http://0.0.0.0/login]
  [4;35;1mSQL (0.1ms)[0m   [0mSET NAMES 'utf8'[0m
  [4;36;1mSQL (0.1ms)[0m   [0;1mSET SQL_AUTO_IS_NULL=0[0m


Processing HomeController#index (for 127.0.0.1 at 2010-09-09 17:37:47) [GET]
  Parameters: {"action"=>"index", "controller"=>"home"}
  [4;35;1mUser Columns (1.4ms)[0m   [0mSHOW FIELDS FROM `users`[0m
  [4;36;1mUser Load (0.2ms)[0m   [0;1mSELECT * FROM `users` WHERE (`users`.`id` = 1) LIMIT 1[0m
Rendering template within layouts/home
Rendering home/index
Completed in 33ms (View: 2, DB: 2) | 200 OK [http://0.0.0.0/]
  [4;35;1mSQL (0.1ms)[0m   [0mSET NAMES 'utf8'[0m
  [4;36;1mSQL (0.1ms)[0m   [0;1mSET SQL_AUTO_IS_NULL=0[0m


Processing UsersController#index (for 127.0.0.1 at 2010-09-09 17:40:06) [GET]
  Parameters: {"action"=>"index", "controller"=>"users"}
  [4;35;1mUser Columns (1.4ms)[0m   [0mSHOW FIELDS FROM `users`[0m
  [4;36;1mUser Load (0.2ms)[0m   [0;1mSELECT * FROM `users` WHERE (`users`.`id` = 1) LIMIT 1[0m
  [4;35;1mUser Load (0.3ms)[0m   [0mSELECT * FROM `users` ORDER BY name[0m
Rendering template within layouts/users
Rendering users/index
Completed in 46ms (View: 13, DB: 2) | 200 OK [http://0.0.0.0/users]
  [4;36;1mSQL (0.2ms)[0m   [0;1mSET NAMES 'utf8'[0m
  [4;35;1mSQL (0.1ms)[0m   [0mSET SQL_AUTO_IS_NULL=0[0m


Processing UsersController#edit (for 127.0.0.1 at 2010-09-09 17:40:08) [GET]
  Parameters: {"action"=>"edit", "id"=>"1", "controller"=>"users"}
  [4;36;1mUser Columns (2.4ms)[0m   [0;1mSHOW FIELDS FROM `users`[0m
  [4;35;1mUser Load (0.2ms)[0m   [0mSELECT * FROM `users` WHERE (`users`.`id` = 1) LIMIT 1[0m
  [4;36;1mUser Load (0.2ms)[0m   [0;1mSELECT * FROM `users` WHERE (`users`.`id` = 1) [0m
Rendering template within layouts/users
Rendering users/edit
Completed in 55ms (View: 21, DB: 3) | 200 OK [http://0.0.0.0/users/1/edit]
  [4;35;1mSQL (0.2ms)[0m   [0mSET NAMES 'utf8'[0m
  [4;36;1mSQL (0.1ms)[0m   [0;1mSET SQL_AUTO_IS_NULL=0[0m


Processing UsersController#update (for 127.0.0.1 at 2010-09-09 17:40:09) [PUT]
  Parameters: {"commit"=>"Update", "action"=>"update", "_method"=>"put", "authenticity_token"=>"YPFZG8M/Y6+Lu7dXY9d0NsactmbVkG3RQRvNAsegFfI=", "id"=>"1", "controller"=>"users", "user"=>{"name"=>"simeon", "password_confirmation"=>"[FILTERED]", "password"=>"[FILTERED]", "email"=>"simeon@simeons.net"}}
  [4;35;1mUser Columns (1.3ms)[0m   [0mSHOW FIELDS FROM `users`[0m
  [4;36;1mUser Load (0.2ms)[0m   [0;1mSELECT * FROM `users` WHERE (`users`.`id` = 1) LIMIT 1[0m
  [4;35;1mUser Load (0.2ms)[0m   [0mSELECT * FROM `users` WHERE (`users`.`id` = 1) [0m
  [4;36;1mSQL (0.1ms)[0m   [0;1mBEGIN[0m
  [4;35;1mUser Load (0.3ms)[0m   [0mSELECT `users`.id FROM `users` WHERE (`users`.`name` = BINARY 'simeon' AND `users`.id <> 1) LIMIT 1[0m
  [4;36;1mUser Load (0.2ms)[0m   [0;1mSELECT `users`.id FROM `users` WHERE (`users`.`email` = BINARY 'simeon@simeons.net' AND `users`.id <> 1) LIMIT 1[0m
  [4;35;1mSQL (0.1ms)[0m   [0mCOMMIT[0m
Redirected to http://0.0.0.0:3000/users/1
Completed in 44ms (DB: 3) | 302 Found [http://0.0.0.0/users/1]
  [4;36;1mSQL (0.1ms)[0m   [0;1mSET NAMES 'utf8'[0m
  [4;35;1mSQL (0.1ms)[0m   [0mSET SQL_AUTO_IS_NULL=0[0m


Processing UsersController#show (for 127.0.0.1 at 2010-09-09 17:40:09) [GET]
  Parameters: {"action"=>"show", "id"=>"1", "controller"=>"users"}
  [4;36;1mUser Columns (1.4ms)[0m   [0;1mSHOW FIELDS FROM `users`[0m
  [4;35;1mUser Load (0.2ms)[0m   [0mSELECT * FROM `users` WHERE (`users`.`id` = 1) LIMIT 1[0m
  [4;36;1mUser Load (0.2ms)[0m   [0;1mSELECT * FROM `users` WHERE (`users`.`id` = 1) [0m
Rendering template within layouts/users
Rendering users/show
Completed in 39ms (View: 6, DB: 2) | 200 OK [http://0.0.0.0/users/1]
  [4;35;1mSQL (0.2ms)[0m   [0mSET NAMES 'utf8'[0m
  [4;36;1mSQL (0.1ms)[0m   [0;1mSET SQL_AUTO_IS_NULL=0[0m


Processing UsersController#index (for 127.0.0.1 at 2010-09-09 17:40:11) [GET]
  Parameters: {"action"=>"index", "controller"=>"users"}
  [4;35;1mUser Columns (2.2ms)[0m   [0mSHOW FIELDS FROM `users`[0m
  [4;36;1mUser Load (0.2ms)[0m   [0;1mSELECT * FROM `users` WHERE (`users`.`id` = 1) LIMIT 1[0m
  [4;35;1mUser Load (0.2ms)[0m   [0mSELECT * FROM `users` ORDER BY name[0m
Rendering template within layouts/users
Rendering users/index
Completed in 47ms (View: 13, DB: 3) | 200 OK [http://0.0.0.0/users]
  [4;36;1mSQL (0.2ms)[0m   [0;1mSET NAMES 'utf8'[0m
  [4;35;1mSQL (0.1ms)[0m   [0mSET SQL_AUTO_IS_NULL=0[0m


Processing UsersController#edit (for 127.0.0.1 at 2010-09-09 17:40:12) [GET]
  Parameters: {"action"=>"edit", "id"=>"1", "controller"=>"users"}
  [4;36;1mUser Columns (1.4ms)[0m   [0;1mSHOW FIELDS FROM `users`[0m
  [4;35;1mUser Load (0.2ms)[0m   [0mSELECT * FROM `users` WHERE (`users`.`id` = 1) LIMIT 1[0m
  [4;36;1mUser Load (0.2ms)[0m   [0;1mSELECT * FROM `users` WHERE (`users`.`id` = 1) [0m
Rendering template within layouts/users
Rendering users/edit
Completed in 54ms (View: 21, DB: 2) | 200 OK [http://0.0.0.0/users/1/edit]
  [4;35;1mSQL (0.2ms)[0m   [0mSET NAMES 'utf8'[0m
  [4;36;1mSQL (0.2ms)[0m   [0;1mSET SQL_AUTO_IS_NULL=0[0m


Processing ApplicationController#edit (for 127.0.0.1 at 2010-09-09 17:42:13) [GET]
  Parameters: {"action"=>"edit", "id"=>"1", "controller"=>"users"}

SyntaxError (/Users/sfw/Sites/thirty/app/controllers/users_controller.rb:98: syntax error, unexpected $end, expecting kEND):
  

Rendered rescues/_trace (69.5ms)
Rendered rescues/_request_and_response (2.8ms)
Rendering rescues/layout (internal_server_error)
  [4;35;1mSQL (0.2ms)[0m   [0mSET NAMES 'utf8'[0m
  [4;36;1mSQL (0.1ms)[0m   [0;1mSET SQL_AUTO_IS_NULL=0[0m


Processing UsersController#edit (for 127.0.0.1 at 2010-09-09 17:42:35) [GET]
  Parameters: {"action"=>"edit", "id"=>"1", "controller"=>"users"}
  [4;35;1mUser Columns (1.4ms)[0m   [0mSHOW FIELDS FROM `users`[0m
  [4;36;1mUser Load (0.2ms)[0m   [0;1mSELECT * FROM `users` WHERE (`users`.`id` = 1) LIMIT 1[0m

ActiveRecord::RecordNotFound (Couldn't find User without an ID):
  app/controllers/users_controller.rb:45:in `edit'

Rendered rescues/_trace (73.9ms)
Rendered rescues/_request_and_response (0.7ms)
Rendering rescues/layout (not_found)
  [4;35;1mSQL (0.2ms)[0m   [0mSET NAMES 'utf8'[0m
  [4;36;1mSQL (0.1ms)[0m   [0;1mSET SQL_AUTO_IS_NULL=0[0m


Processing UsersController#edit (for 127.0.0.1 at 2010-09-09 17:42:46) [GET]
  Parameters: {"action"=>"edit", "id"=>"1", "controller"=>"users"}
  [4;35;1mUser Columns (1.2ms)[0m   [0mSHOW FIELDS FROM `users`[0m
  [4;36;1mUser Load (0.2ms)[0m   [0;1mSELECT * FROM `users` WHERE (`users`.`id` = 1) LIMIT 1[0m
  [4;35;1mUser Load (0.2ms)[0m   [0mSELECT * FROM `users` WHERE (`users`.`id` = 1) [0m
Rendering template within layouts/users
Rendering users/edit
Completed in 126ms (View: 94, DB: 2) | 200 OK [http://0.0.0.0/users/1/edit]
  [4;36;1mSQL (0.2ms)[0m   [0;1mSET NAMES 'utf8'[0m
  [4;35;1mSQL (0.1ms)[0m   [0mSET SQL_AUTO_IS_NULL=0[0m


Processing UsersController#update (for 127.0.0.1 at 2010-09-09 17:43:34) [PUT]
  Parameters: {"commit"=>"Update", "action"=>"update", "_method"=>"put", "authenticity_token"=>"YPFZG8M/Y6+Lu7dXY9d0NsactmbVkG3RQRvNAsegFfI=", "id"=>"1", "controller"=>"users", "user"=>{"name"=>"simeon", "password_confirmation"=>"[FILTERED]", "password"=>"[FILTERED]", "email"=>"simeon@simeons.net"}}
  [4;36;1mUser Columns (1.6ms)[0m   [0;1mSHOW FIELDS FROM `users`[0m
  [4;35;1mUser Load (0.2ms)[0m   [0mSELECT * FROM `users` WHERE (`users`.`id` = 1) LIMIT 1[0m
  [4;36;1mUser Load (0.2ms)[0m   [0;1mSELECT * FROM `users` WHERE (`users`.`id` = 1) [0m
  [4;35;1mSQL (0.1ms)[0m   [0mBEGIN[0m
  [4;36;1mUser Load (0.2ms)[0m   [0;1mSELECT `users`.id FROM `users` WHERE (`users`.`name` = BINARY 'simeon' AND `users`.id <> 1) LIMIT 1[0m
  [4;35;1mUser Load (0.2ms)[0m   [0mSELECT `users`.id FROM `users` WHERE (`users`.`email` = BINARY 'simeon@simeons.net' AND `users`.id <> 1) LIMIT 1[0m
  [4;36;1mSQL (0.1ms)[0m   [0;1mROLLBACK[0m
Rendering template within layouts/users
Rendering users/edit
Completed in 71ms (View: 28, DB: 3) | 200 OK [http://0.0.0.0/users/1]
  [4;35;1mSQL (0.2ms)[0m   [0mSET NAMES 'utf8'[0m
  [4;36;1mSQL (0.1ms)[0m   [0;1mSET SQL_AUTO_IS_NULL=0[0m


Processing UsersController#show (for 127.0.0.1 at 2010-09-09 17:44:03) [GET]
  Parameters: {"action"=>"show", "id"=>"1", "controller"=>"users"}
  [4;35;1mUser Columns (1.7ms)[0m   [0mSHOW FIELDS FROM `users`[0m
  [4;36;1mUser Load (0.2ms)[0m   [0;1mSELECT * FROM `users` WHERE (`users`.`id` = 1) LIMIT 1[0m
  [4;35;1mUser Load (0.2ms)[0m   [0mSELECT * FROM `users` WHERE (`users`.`id` = 1) [0m
Rendering template within layouts/users
Rendering users/show
Completed in 39ms (View: 6, DB: 3) | 200 OK [http://0.0.0.0/users/1]
  [4;36;1mSQL (0.2ms)[0m   [0;1mSET NAMES 'utf8'[0m
  [4;35;1mSQL (0.2ms)[0m   [0mSET SQL_AUTO_IS_NULL=0[0m


Processing UsersController#edit (for 127.0.0.1 at 2010-09-09 17:44:07) [GET]
  Parameters: {"action"=>"edit", "id"=>"1", "controller"=>"users"}
  [4;36;1mUser Columns (1.4ms)[0m   [0;1mSHOW FIELDS FROM `users`[0m
  [4;35;1mUser Load (0.2ms)[0m   [0mSELECT * FROM `users` WHERE (`users`.`id` = 1) LIMIT 1[0m
  [4;36;1mUser Load (0.2ms)[0m   [0;1mSELECT * FROM `users` WHERE (`users`.`id` = 1) [0m
Rendering template within layouts/users
Rendering users/edit
Completed in 54ms (View: 21, DB: 2) | 200 OK [http://0.0.0.0/users/1/edit]
  [4;35;1mSQL (0.2ms)[0m   [0mSET NAMES 'utf8'[0m
  [4;36;1mSQL (0.1ms)[0m   [0;1mSET SQL_AUTO_IS_NULL=0[0m


Processing UsersController#update (for 127.0.0.1 at 2010-09-09 17:44:09) [PUT]
  Parameters: {"commit"=>"Update", "action"=>"update", "_method"=>"put", "authenticity_token"=>"YPFZG8M/Y6+Lu7dXY9d0NsactmbVkG3RQRvNAsegFfI=", "id"=>"1", "controller"=>"users", "user"=>{"name"=>"simeon", "password_confirmation"=>"[FILTERED]", "password"=>"[FILTERED]", "email"=>"simeon@simeons.net"}}
  [4;35;1mUser Columns (1.4ms)[0m   [0mSHOW FIELDS FROM `users`[0m
  [4;36;1mUser Load (0.2ms)[0m   [0;1mSELECT * FROM `users` WHERE (`users`.`id` = 1) LIMIT 1[0m
  [4;35;1mUser Load (0.2ms)[0m   [0mSELECT * FROM `users` WHERE (`users`.`id` = 1) [0m
  [4;36;1mSQL (0.1ms)[0m   [0;1mBEGIN[0m
  [4;35;1mUser Load (0.2ms)[0m   [0mSELECT `users`.id FROM `users` WHERE (`users`.`name` = BINARY 'simeon' AND `users`.id <> 1) LIMIT 1[0m
  [4;36;1mUser Load (0.2ms)[0m   [0;1mSELECT `users`.id FROM `users` WHERE (`users`.`email` = BINARY 'simeon@simeons.net' AND `users`.id <> 1) LIMIT 1[0m
  [4;35;1mSQL (0.1ms)[0m   [0mROLLBACK[0m
Rendering template within layouts/users
Rendering users/edit
Completed in 70ms (View: 28, DB: 3) | 200 OK [http://0.0.0.0/users/1]
  [4;36;1mSQL (0.2ms)[0m   [0;1mSET NAMES 'utf8'[0m
  [4;35;1mSQL (0.1ms)[0m   [0mSET SQL_AUTO_IS_NULL=0[0m


Processing UsersController#update (for 127.0.0.1 at 2010-09-09 17:44:20) [PUT]
  Parameters: {"commit"=>"Update", "action"=>"update", "_method"=>"put", "authenticity_token"=>"YPFZG8M/Y6+Lu7dXY9d0NsactmbVkG3RQRvNAsegFfI=", "id"=>"1", "controller"=>"users", "user"=>{"name"=>"simeon", "password_confirmation"=>"[FILTERED]", "password"=>"[FILTERED]", "email"=>"simeon@simeons.net"}}
  [4;36;1mUser Columns (295.1ms)[0m   [0;1mSHOW FIELDS FROM `users`[0m
  [4;35;1mUser Load (0.3ms)[0m   [0mSELECT * FROM `users` WHERE (`users`.`id` = 1) LIMIT 1[0m
  [4;36;1mUser Load (0.2ms)[0m   [0;1mSELECT * FROM `users` WHERE (`users`.`id` = 1) [0m
  [4;35;1mSQL (0.1ms)[0m   [0mBEGIN[0m
  [4;36;1mUser Load (0.2ms)[0m   [0;1mSELECT `users`.id FROM `users` WHERE (`users`.`name` = BINARY 'simeon' AND `users`.id <> 1) LIMIT 1[0m
  [4;35;1mUser Load (0.2ms)[0m   [0mSELECT `users`.id FROM `users` WHERE (`users`.`email` = BINARY 'simeon@simeons.net' AND `users`.id <> 1) LIMIT 1[0m
  [4;36;1mUser Update (0.2ms)[0m   [0;1mUPDATE `users` SET `updated_at` = '2010-09-10 00:44:20', `salt` = '184573000.70803223249326', `hashed_password` = '620bc295f98920b635f5c5e05c6d0ffdb4217451' WHERE `id` = 1[0m
  [4;35;1mSQL (0.6ms)[0m   [0mCOMMIT[0m
Redirected to http://0.0.0.0:3000/users/1
Completed in 347ms (DB: 298) | 302 Found [http://0.0.0.0/users/1]
  [4;36;1mSQL (0.1ms)[0m   [0;1mSET NAMES 'utf8'[0m
  [4;35;1mSQL (0.1ms)[0m   [0mSET SQL_AUTO_IS_NULL=0[0m


Processing UsersController#show (for 127.0.0.1 at 2010-09-09 17:44:20) [GET]
  Parameters: {"action"=>"show", "id"=>"1", "controller"=>"users"}
  [4;36;1mUser Columns (1.4ms)[0m   [0;1mSHOW FIELDS FROM `users`[0m
  [4;35;1mUser Load (0.2ms)[0m   [0mSELECT * FROM `users` WHERE (`users`.`id` = 1) LIMIT 1[0m
  [4;36;1mUser Load (0.2ms)[0m   [0;1mSELECT * FROM `users` WHERE (`users`.`id` = 1) [0m
Rendering template within layouts/users
Rendering users/show
Completed in 39ms (View: 6, DB: 2) | 200 OK [http://0.0.0.0/users/1]
  [4;35;1mSQL (0.2ms)[0m   [0mSET NAMES 'utf8'[0m
  [4;36;1mSQL (0.1ms)[0m   [0;1mSET SQL_AUTO_IS_NULL=0[0m


Processing UsersController#index (for 127.0.0.1 at 2010-09-09 17:44:23) [GET]
  Parameters: {"action"=>"index", "controller"=>"users"}
  [4;35;1mUser Columns (1.4ms)[0m   [0mSHOW FIELDS FROM `users`[0m
  [4;36;1mUser Load (0.2ms)[0m   [0;1mSELECT * FROM `users` WHERE (`users`.`id` = 1) LIMIT 1[0m
  [4;35;1mUser Load (0.2ms)[0m   [0mSELECT * FROM `users` ORDER BY name[0m
Rendering template within layouts/users
Rendering users/index
Completed in 46ms (View: 13, DB: 2) | 200 OK [http://0.0.0.0/users]
  [4;36;1mSQL (0.2ms)[0m   [0;1mSET NAMES 'utf8'[0m
  [4;35;1mSQL (0.2ms)[0m   [0mSET SQL_AUTO_IS_NULL=0[0m


Processing HomeController#logout (for 127.0.0.1 at 2010-09-09 17:44:35) [GET]
  Parameters: {"action"=>"logout", "controller"=>"home"}
  [4;36;1mUser Columns (2.0ms)[0m   [0;1mSHOW FIELDS FROM `users`[0m
  [4;35;1mUser Load (0.2ms)[0m   [0mSELECT * FROM `users` WHERE (`users`.`id` = 1) LIMIT 1[0m
Redirected to http://0.0.0.0:3000/login
Completed in 32ms (DB: 3) | 302 Found [http://0.0.0.0/logout]
  [4;36;1mSQL (0.1ms)[0m   [0;1mSET NAMES 'utf8'[0m
  [4;35;1mSQL (0.1ms)[0m   [0mSET SQL_AUTO_IS_NULL=0[0m


Processing HomeController#login (for 127.0.0.1 at 2010-09-09 17:44:35) [GET]
  Parameters: {"action"=>"login", "controller"=>"home"}
Rendering template within layouts/home
Rendering home/login
Completed in 15ms (View: 7, DB: 1) | 200 OK [http://0.0.0.0/login]
  [4;36;1mSQL (0.2ms)[0m   [0;1mSET NAMES 'utf8'[0m
  [4;35;1mSQL (0.2ms)[0m   [0mSET SQL_AUTO_IS_NULL=0[0m


Processing HomeController#login (for 127.0.0.1 at 2010-09-09 17:44:39) [POST]
  Parameters: {"name"=>"simeon", "commit"=>"Go", "action"=>"login", "authenticity_token"=>"YPFZG8M/Y6+Lu7dXY9d0NsactmbVkG3RQRvNAsegFfI=", "controller"=>"home", "password"=>"[FILTERED]"}
  [4;36;1mUser Columns (1.4ms)[0m   [0;1mSHOW FIELDS FROM `users`[0m
  [4;35;1mUser Load (0.2ms)[0m   [0mSELECT * FROM `users` WHERE (`users`.`name` = 'simeon') LIMIT 1[0m
Redirected to http://0.0.0.0:3000/
Completed in 34ms (DB: 2) | 302 Found [http://0.0.0.0/login]
  [4;36;1mSQL (0.1ms)[0m   [0;1mSET NAMES 'utf8'[0m
  [4;35;1mSQL (0.1ms)[0m   [0mSET SQL_AUTO_IS_NULL=0[0m


Processing HomeController#index (for 127.0.0.1 at 2010-09-09 17:44:39) [GET]
  Parameters: {"action"=>"index", "controller"=>"home"}
  [4;36;1mUser Columns (1.4ms)[0m   [0;1mSHOW FIELDS FROM `users`[0m
  [4;35;1mUser Load (0.2ms)[0m   [0mSELECT * FROM `users` WHERE (`users`.`id` = 1) LIMIT 1[0m
Rendering template within layouts/home
Rendering home/index
Completed in 33ms (View: 2, DB: 2) | 200 OK [http://0.0.0.0/]
  [4;36;1mSQL (0.2ms)[0m   [0;1mSET NAMES 'utf8'[0m
  [4;35;1mSQL (0.1ms)[0m   [0mSET SQL_AUTO_IS_NULL=0[0m


Processing UsersController#index (for 127.0.0.1 at 2010-09-09 17:44:41) [GET]
  Parameters: {"action"=>"index", "controller"=>"users"}
  [4;36;1mUser Columns (1.9ms)[0m   [0;1mSHOW FIELDS FROM `users`[0m
  [4;35;1mUser Load (0.2ms)[0m   [0mSELECT * FROM `users` WHERE (`users`.`id` = 1) LIMIT 1[0m
  [4;36;1mUser Load (0.2ms)[0m   [0;1mSELECT * FROM `users` ORDER BY name[0m
Rendering template within layouts/users
Rendering users/index
Completed in 46ms (View: 13, DB: 3) | 200 OK [http://0.0.0.0/users]
  [4;35;1mSQL (0.2ms)[0m   [0mSET NAMES 'utf8'[0m
  [4;36;1mSQL (0.2ms)[0m   [0;1mSET SQL_AUTO_IS_NULL=0[0m


Processing UsersController#edit (for 127.0.0.1 at 2010-09-09 17:44:43) [GET]
  Parameters: {"action"=>"edit", "id"=>"1", "controller"=>"users"}
  [4;35;1mUser Columns (1.4ms)[0m   [0mSHOW FIELDS FROM `users`[0m
  [4;36;1mUser Load (0.2ms)[0m   [0;1mSELECT * FROM `users` WHERE (`users`.`id` = 1) LIMIT 1[0m
  [4;35;1mUser Load (0.2ms)[0m   [0mSELECT * FROM `users` WHERE (`users`.`id` = 1) [0m
Rendering template within layouts/users
Rendering users/edit
Completed in 54ms (View: 22, DB: 2) | 200 OK [http://0.0.0.0/users/1/edit]
  [4;36;1mSQL (0.1ms)[0m   [0;1mSET NAMES 'utf8'[0m
  [4;35;1mSQL (0.1ms)[0m   [0mSET SQL_AUTO_IS_NULL=0[0m


Processing UsersController#update (for 127.0.0.1 at 2010-09-09 17:44:49) [PUT]
  Parameters: {"commit"=>"Update", "action"=>"update", "_method"=>"put", "authenticity_token"=>"YPFZG8M/Y6+Lu7dXY9d0NsactmbVkG3RQRvNAsegFfI=", "id"=>"1", "controller"=>"users", "user"=>{"name"=>"simeon", "password_confirmation"=>"[FILTERED]", "password"=>"[FILTERED]", "email"=>"simeon@simeons.net"}}
  [4;36;1mUser Columns (1.4ms)[0m   [0;1mSHOW FIELDS FROM `users`[0m
  [4;35;1mUser Load (0.2ms)[0m   [0mSELECT * FROM `users` WHERE (`users`.`id` = 1) LIMIT 1[0m
  [4;36;1mUser Load (0.2ms)[0m   [0;1mSELECT * FROM `users` WHERE (`users`.`id` = 1) [0m
  [4;35;1mSQL (0.1ms)[0m   [0mBEGIN[0m
  [4;36;1mUser Load (0.2ms)[0m   [0;1mSELECT `users`.id FROM `users` WHERE (`users`.`name` = BINARY 'simeon' AND `users`.id <> 1) LIMIT 1[0m
  [4;35;1mUser Load (0.2ms)[0m   [0mSELECT `users`.id FROM `users` WHERE (`users`.`email` = BINARY 'simeon@simeons.net' AND `users`.id <> 1) LIMIT 1[0m
  [4;36;1mUser Update (0.2ms)[0m   [0;1mUPDATE `users` SET `updated_at` = '2010-09-10 00:44:49', `salt` = '186535200.859723609306302', `hashed_password` = 'db87698bde467150583f346d5ea7b36902a75e68' WHERE `id` = 1[0m
  [4;35;1mSQL (0.6ms)[0m   [0mCOMMIT[0m
Redirected to http://0.0.0.0:3000/users/1
Completed in 47ms (DB: 4) | 302 Found [http://0.0.0.0/users/1]
  [4;36;1mSQL (0.1ms)[0m   [0;1mSET NAMES 'utf8'[0m
  [4;35;1mSQL (0.1ms)[0m   [0mSET SQL_AUTO_IS_NULL=0[0m


Processing UsersController#show (for 127.0.0.1 at 2010-09-09 17:44:49) [GET]
  Parameters: {"action"=>"show", "id"=>"1", "controller"=>"users"}
  [4;36;1mUser Columns (1.4ms)[0m   [0;1mSHOW FIELDS FROM `users`[0m
  [4;35;1mUser Load (0.2ms)[0m   [0mSELECT * FROM `users` WHERE (`users`.`id` = 1) LIMIT 1[0m
  [4;36;1mUser Load (0.2ms)[0m   [0;1mSELECT * FROM `users` WHERE (`users`.`id` = 1) [0m
Rendering template within layouts/users
Rendering users/show
Completed in 39ms (View: 6, DB: 2) | 200 OK [http://0.0.0.0/users/1]
  [4;35;1mSQL (0.2ms)[0m   [0mSET NAMES 'utf8'[0m
  [4;36;1mSQL (0.1ms)[0m   [0;1mSET SQL_AUTO_IS_NULL=0[0m


Processing HomeController#logout (for 127.0.0.1 at 2010-09-09 17:44:53) [GET]
  Parameters: {"action"=>"logout", "controller"=>"home"}
  [4;35;1mUser Columns (1.5ms)[0m   [0mSHOW FIELDS FROM `users`[0m
  [4;36;1mUser Load (0.2ms)[0m   [0;1mSELECT * FROM `users` WHERE (`users`.`id` = 1) LIMIT 1[0m
Redirected to http://0.0.0.0:3000/login
Completed in 31ms (DB: 2) | 302 Found [http://0.0.0.0/logout]
  [4;35;1mSQL (0.1ms)[0m   [0mSET NAMES 'utf8'[0m
  [4;36;1mSQL (0.1ms)[0m   [0;1mSET SQL_AUTO_IS_NULL=0[0m


Processing HomeController#login (for 127.0.0.1 at 2010-09-09 17:44:54) [GET]
  Parameters: {"action"=>"login", "controller"=>"home"}
Rendering template within layouts/home
Rendering home/login
Completed in 16ms (View: 7, DB: 1) | 200 OK [http://0.0.0.0/login]
  [4;35;1mSQL (0.2ms)[0m   [0mSET NAMES 'utf8'[0m
  [4;36;1mSQL (0.1ms)[0m   [0;1mSET SQL_AUTO_IS_NULL=0[0m


Processing HomeController#login (for 127.0.0.1 at 2010-09-09 17:44:57) [POST]
  Parameters: {"name"=>"simeon", "commit"=>"Go", "action"=>"login", "authenticity_token"=>"YPFZG8M/Y6+Lu7dXY9d0NsactmbVkG3RQRvNAsegFfI=", "controller"=>"home", "password"=>"[FILTERED]"}
  [4;35;1mUser Columns (1.4ms)[0m   [0mSHOW FIELDS FROM `users`[0m
  [4;36;1mUser Load (0.2ms)[0m   [0;1mSELECT * FROM `users` WHERE (`users`.`name` = 'simeon') LIMIT 1[0m
Redirected to http://0.0.0.0:3000/
Completed in 34ms (DB: 2) | 302 Found [http://0.0.0.0/login]
  [4;35;1mSQL (0.1ms)[0m   [0mSET NAMES 'utf8'[0m
  [4;36;1mSQL (0.1ms)[0m   [0;1mSET SQL_AUTO_IS_NULL=0[0m


Processing HomeController#index (for 127.0.0.1 at 2010-09-09 17:44:57) [GET]
  Parameters: {"action"=>"index", "controller"=>"home"}
  [4;35;1mUser Columns (1.4ms)[0m   [0mSHOW FIELDS FROM `users`[0m
  [4;36;1mUser Load (0.2ms)[0m   [0;1mSELECT * FROM `users` WHERE (`users`.`id` = 1) LIMIT 1[0m
Rendering template within layouts/home
Rendering home/index
Completed in 33ms (View: 2, DB: 2) | 200 OK [http://0.0.0.0/]
  [4;35;1mSQL (0.1ms)[0m   [0mSET NAMES 'utf8'[0m
  [4;36;1mSQL (0.3ms)[0m   [0;1mSET SQL_AUTO_IS_NULL=0[0m


Processing UsersController#index (for 127.0.0.1 at 2010-09-09 17:44:59) [GET]
  Parameters: {"action"=>"index", "controller"=>"users"}
  [4;35;1mUser Columns (1.4ms)[0m   [0mSHOW FIELDS FROM `users`[0m
  [4;36;1mUser Load (0.2ms)[0m   [0;1mSELECT * FROM `users` WHERE (`users`.`id` = 1) LIMIT 1[0m
  [4;35;1mUser Load (0.2ms)[0m   [0mSELECT * FROM `users` ORDER BY name[0m
Rendering template within layouts/users
Rendering users/index
Completed in 46ms (View: 13, DB: 3) | 200 OK [http://0.0.0.0/users]
  [4;36;1mSQL (0.2ms)[0m   [0;1mSET NAMES 'utf8'[0m
  [4;35;1mSQL (0.1ms)[0m   [0mSET SQL_AUTO_IS_NULL=0[0m


Processing UsersController#edit (for 127.0.0.1 at 2010-09-09 17:45:01) [GET]
  Parameters: {"action"=>"edit", "id"=>"1", "controller"=>"users"}
  [4;36;1mUser Columns (1.4ms)[0m   [0;1mSHOW FIELDS FROM `users`[0m
  [4;35;1mUser Load (0.2ms)[0m   [0mSELECT * FROM `users` WHERE (`users`.`id` = 1) LIMIT 1[0m
  [4;36;1mUser Load (0.2ms)[0m   [0;1mSELECT * FROM `users` WHERE (`users`.`id` = 1) [0m
Rendering template within layouts/users
Rendering users/edit
Completed in 54ms (View: 22, DB: 2) | 200 OK [http://0.0.0.0/users/1/edit]
  [4;35;1mSQL (0.2ms)[0m   [0mSET NAMES 'utf8'[0m
  [4;36;1mSQL (0.2ms)[0m   [0;1mSET SQL_AUTO_IS_NULL=0[0m


Processing UsersController#update (for 127.0.0.1 at 2010-09-09 17:45:07) [PUT]
  Parameters: {"commit"=>"Update", "action"=>"update", "_method"=>"put", "authenticity_token"=>"YPFZG8M/Y6+Lu7dXY9d0NsactmbVkG3RQRvNAsegFfI=", "id"=>"1", "controller"=>"users", "user"=>{"name"=>"simeon", "password_confirmation"=>"[FILTERED]", "password"=>"[FILTERED]", "email"=>"simeon@simeons.net"}}
  [4;35;1mUser Columns (2.4ms)[0m   [0mSHOW FIELDS FROM `users`[0m
  [4;36;1mUser Load (0.2ms)[0m   [0;1mSELECT * FROM `users` WHERE (`users`.`id` = 1) LIMIT 1[0m
  [4;35;1mUser Load (0.2ms)[0m   [0mSELECT * FROM `users` WHERE (`users`.`id` = 1) [0m
  [4;36;1mSQL (0.1ms)[0m   [0;1mBEGIN[0m
  [4;35;1mUser Load (0.2ms)[0m   [0mSELECT `users`.id FROM `users` WHERE (`users`.`name` = BINARY 'simeon' AND `users`.id <> 1) LIMIT 1[0m
  [4;36;1mUser Load (0.2ms)[0m   [0;1mSELECT `users`.id FROM `users` WHERE (`users`.`email` = BINARY 'simeon@simeons.net' AND `users`.id <> 1) LIMIT 1[0m
  [4;35;1mUser Update (0.2ms)[0m   [0mUPDATE `users` SET `updated_at` = '2010-09-10 00:45:07', `salt` = '190780200.039585303688297', `hashed_password` = 'c25b105f72e413a1b5ebb4b3f838c8247e31b309' WHERE `id` = 1[0m
  [4;36;1mSQL (0.6ms)[0m   [0;1mCOMMIT[0m
Redirected to http://0.0.0.0:3000/users/1
Completed in 49ms (DB: 5) | 302 Found [http://0.0.0.0/users/1]
  [4;35;1mSQL (0.1ms)[0m   [0mSET NAMES 'utf8'[0m
  [4;36;1mSQL (0.1ms)[0m   [0;1mSET SQL_AUTO_IS_NULL=0[0m


Processing UsersController#show (for 127.0.0.1 at 2010-09-09 17:45:07) [GET]
  Parameters: {"action"=>"show", "id"=>"1", "controller"=>"users"}
  [4;35;1mUser Columns (1.4ms)[0m   [0mSHOW FIELDS FROM `users`[0m
  [4;36;1mUser Load (0.2ms)[0m   [0;1mSELECT * FROM `users` WHERE (`users`.`id` = 1) LIMIT 1[0m
  [4;35;1mUser Load (0.2ms)[0m   [0mSELECT * FROM `users` WHERE (`users`.`id` = 1) [0m
Rendering template within layouts/users
Rendering users/show
Completed in 39ms (View: 6, DB: 2) | 200 OK [http://0.0.0.0/users/1]
